[2023-03-31 19:37:07] checkoutcom.INFO: Install : Table checkoutcom_adminorder created. [] []
[2023-03-31 19:37:08] checkoutcom.INFO: Install : The module has been installed. [] []
[2023-03-31 19:38:29] checkoutcom.INFO: Module configurations have been updated [] []
[2023-03-31 19:38:35] checkoutcom.INFO: Module configurations have been updated [] []
[2023-03-31 19:38:45] checkoutcom.INFO: Channel Placeorder -- source type : id [] []
[2023-03-31 19:38:45] checkoutcom.INFO: Channel Payment Handler -- Execute Payment [] []
[2023-03-31 19:38:45] checkoutcom.INFO: Channel Method -- make Payment for source :card {"obj":"[object] (Checkout\\Payments\\Request\\Source\\RequestIdSource: {\"id\":null,\"cvv\":null,\"payment_method\":null,\"stored\":null,\"store_for_future_use\":null,\"type\":\"id\"})"} []
[2023-03-31 19:40:16] checkoutcom.INFO: Channel Placeorder -- source type : id [] []
[2023-03-31 19:40:16] checkoutcom.INFO: Channel Payment Handler -- Execute Payment [] []
[2023-03-31 19:40:16] checkoutcom.INFO: Channel Method -- make Payment for source :card {"obj":"[object] (Checkout\\Payments\\Request\\Source\\RequestIdSource: {\"id\":null,\"cvv\":null,\"payment_method\":null,\"stored\":null,\"store_for_future_use\":null,\"type\":\"id\"})"} []
[2023-03-31 19:40:49] checkoutcom.INFO: Channel Placeorder -- source type : id [] []
[2023-03-31 19:40:49] checkoutcom.INFO: Channel Payment Handler -- Execute Payment [] []
[2023-03-31 19:40:49] checkoutcom.INFO: Channel Method -- make Payment for source :card {"obj":"[object] (Checkout\\Payments\\Request\\Source\\RequestIdSource: {\"id\":null,\"cvv\":null,\"payment_method\":null,\"stored\":null,\"store_for_future_use\":null,\"type\":\"id\"})"} []
[2023-03-31 19:41:42] checkoutcom.INFO: Channel Placeorder -- source type : id [] []
[2023-03-31 19:41:42] checkoutcom.INFO: Channel Payment Handler -- Execute Payment [] []
[2023-03-31 19:41:43] checkoutcom.INFO: Channel Method -- make Payment for source :card {"obj":"[object] (Checkout\\Payments\\Request\\Source\\RequestIdSource: {\"id\":null,\"cvv\":null,\"payment_method\":null,\"stored\":null,\"store_for_future_use\":null,\"type\":\"id\"})"} []
[2023-03-31 19:42:25] checkoutcom.INFO: Channel Placeorder -- source type : id [] []
[2023-03-31 19:42:25] checkoutcom.INFO: Channel Payment Handler -- Execute Payment [] []
[2023-03-31 19:42:26] checkoutcom.INFO: Channel Method -- make Payment for source :card {"obj":"[object] (Checkout\\Payments\\Request\\Source\\RequestIdSource: {\"id\":null,\"cvv\":null,\"payment_method\":null,\"stored\":null,\"store_for_future_use\":null,\"type\":\"id\"})"} []
[2023-03-31 19:45:10] checkoutcom.INFO: Channel Placeorder -- source type : id [] []
[2023-03-31 19:45:10] checkoutcom.INFO: Channel Payment Handler -- Execute Payment [] []
[2023-03-31 19:45:10] checkoutcom.INFO: Channel Method -- make Payment for source :card {"obj":"[object] (Checkout\\Payments\\Request\\Source\\RequestIdSource: {\"id\":null,\"cvv\":null,\"payment_method\":null,\"stored\":null,\"store_for_future_use\":null,\"type\":\"id\"})"} []
[2023-03-31 19:46:56] checkoutcom.INFO: Channel Placeorder -- source type : id [] []
[2023-03-31 19:46:56] checkoutcom.INFO: Channel Payment Handler -- Execute Payment [] []
[2023-03-31 19:46:56] checkoutcom.INFO: Channel Method -- make Payment for source :card {"obj":"[object] (Checkout\\Payments\\Request\\Source\\RequestIdSource: {\"id\":null,\"cvv\":null,\"payment_method\":null,\"stored\":null,\"store_for_future_use\":null,\"type\":\"id\"})"} []
[2023-03-31 19:48:05] checkoutcom.INFO: Channel Placeorder -- source type : id [] []
[2023-03-31 19:48:05] checkoutcom.INFO: Channel Payment Handler -- Execute Payment [] []
[2023-03-31 19:48:05] checkoutcom.INFO: Channel Method -- make Payment for source :card {"obj":"[object] (Checkout\\Payments\\Request\\Source\\RequestIdSource: {\"id\":null,\"cvv\":null,\"payment_method\":null,\"stored\":null,\"store_for_future_use\":null,\"type\":\"id\"})"} []
[2023-03-31 19:49:10] checkoutcom.INFO: Channel Placeorder -- source type : id [] []
[2023-03-31 19:49:10] checkoutcom.INFO: Channel Payment Handler -- Execute Payment [] []
[2023-03-31 19:49:10] checkoutcom.INFO: Channel Method -- make Payment for source :card {"obj":"[object] (Checkout\\Payments\\Request\\Source\\RequestIdSource: {\"id\":null,\"cvv\":null,\"payment_method\":null,\"stored\":null,\"store_for_future_use\":null,\"type\":\"id\"})"} []
[2023-03-31 19:49:46] checkoutcom.INFO: Channel Placeorder -- source type : id [] []
[2023-03-31 19:49:46] checkoutcom.INFO: Channel Payment Handler -- Execute Payment [] []
[2023-03-31 19:49:46] checkoutcom.INFO: Channel Method -- make Payment for source :card {"obj":"[object] (Checkout\\Payments\\Request\\Source\\RequestIdSource: {\"id\":null,\"cvv\":null,\"payment_method\":null,\"stored\":null,\"store_for_future_use\":null,\"type\":\"id\"})"} []
[2023-03-31 19:50:25] checkoutcom.INFO: Channel Placeorder -- source type : id [] []
[2023-03-31 19:50:25] checkoutcom.INFO: Channel Payment Handler -- Execute Payment [] []
[2023-03-31 19:50:25] checkoutcom.INFO: Channel Method -- make Payment for source :card {"obj":"[object] (Checkout\\Payments\\Request\\Source\\RequestIdSource: {\"id\":null,\"cvv\":null,\"payment_method\":null,\"stored\":null,\"store_for_future_use\":null,\"type\":\"id\"})"} []
[2023-03-31 20:00:53] checkoutcom.INFO: Channel Placeorder -- source type : id [] []
[2023-03-31 20:00:53] checkoutcom.INFO: Channel Payment Handler -- Execute Payment [] []
[2023-03-31 20:00:53] checkoutcom.INFO: Channel Method -- make Payment for source :card {"obj":"[object] (Checkout\\Payments\\Request\\Source\\RequestIdSource: {\"id\":null,\"cvv\":null,\"payment_method\":null,\"stored\":null,\"store_for_future_use\":null,\"type\":\"id\"})"} []
[2023-03-31 20:01:22] checkoutcom.INFO: Channel Placeorder -- source type : id [] []
[2023-03-31 20:01:22] checkoutcom.INFO: Channel Payment Handler -- Execute Payment [] []
[2023-03-31 20:01:22] checkoutcom.INFO: Channel Method -- make Payment for source :card {"obj":"[object] (Checkout\\Payments\\Request\\Source\\RequestIdSource: {\"id\":null,\"cvv\":null,\"payment_method\":null,\"stored\":null,\"store_for_future_use\":null,\"type\":\"id\"})"} []
[2023-03-31 20:01:36] checkoutcom.INFO: Channel Placeorder -- source type : id [] []
[2023-03-31 20:01:36] checkoutcom.INFO: Channel Payment Handler -- Execute Payment [] []
[2023-03-31 20:01:37] checkoutcom.INFO: Channel Method -- make Payment for source :card {"obj":"[object] (Checkout\\Payments\\Request\\Source\\RequestIdSource: {\"id\":null,\"cvv\":null,\"payment_method\":null,\"stored\":null,\"store_for_future_use\":null,\"type\":\"id\"})"} []
[2023-03-31 20:01:49] checkoutcom.INFO: Channel Placeorder -- source type : id [] []
[2023-03-31 20:01:49] checkoutcom.INFO: Channel Payment Handler -- Execute Payment [] []
[2023-03-31 20:01:49] checkoutcom.INFO: Channel Method -- make Payment for source :card {"obj":"[object] (Checkout\\Payments\\Request\\Source\\RequestIdSource: {\"id\":null,\"cvv\":null,\"payment_method\":null,\"stored\":null,\"store_for_future_use\":null,\"type\":\"id\"})"} []
[2023-03-31 20:08:18] checkoutcom.INFO: Channel Placeorder -- source type : id [] []
[2023-03-31 20:08:18] checkoutcom.INFO: Channel Payment Handler -- Execute Payment [] []
[2023-03-31 20:08:18] checkoutcom.INFO: Channel Method -- make Payment for source :card {"obj":"[object] (Checkout\\Payments\\Request\\Source\\RequestIdSource: {\"id\":null,\"cvv\":null,\"payment_method\":null,\"stored\":null,\"store_for_future_use\":null,\"type\":\"id\"})"} []
[2023-03-31 20:09:00] checkoutcom.INFO: Channel Placeorder -- source type : id [] []
[2023-03-31 20:09:00] checkoutcom.INFO: Channel Payment Handler -- Execute Payment [] []
[2023-03-31 20:09:00] checkoutcom.INFO: Channel Method -- make Payment for source :card {"obj":"[object] (Checkout\\Payments\\Request\\Source\\RequestIdSource: {\"id\":null,\"cvv\":null,\"payment_method\":null,\"stored\":null,\"store_for_future_use\":null,\"type\":\"id\"})"} []
[2023-03-31 20:09:02] checkoutcom.INFO: Channel Placeorder -- source type : id [] []
[2023-03-31 20:09:02] checkoutcom.INFO: Channel Payment Handler -- Execute Payment [] []
[2023-03-31 20:09:03] checkoutcom.INFO: Channel Method -- make Payment for source :card {"obj":"[object] (Checkout\\Payments\\Request\\Source\\RequestIdSource: {\"id\":null,\"cvv\":null,\"payment_method\":null,\"stored\":null,\"store_for_future_use\":null,\"type\":\"id\"})"} []
[2023-03-31 20:09:12] checkoutcom.INFO: Channel Placeorder -- source type : id [] []
[2023-03-31 20:09:12] checkoutcom.INFO: Channel Payment Handler -- Execute Payment [] []
[2023-03-31 20:09:12] checkoutcom.INFO: Channel Method -- make Payment for source :card {"obj":"[object] (Checkout\\Payments\\Request\\Source\\RequestIdSource: {\"id\":null,\"cvv\":null,\"payment_method\":null,\"stored\":null,\"store_for_future_use\":null,\"type\":\"id\"})"} []
[2023-03-31 20:17:38] checkoutcom.INFO: Channel Placeorder -- source type : id [] []
[2023-03-31 20:17:38] checkoutcom.INFO: Channel Payment Handler -- Execute Payment [] []
[2023-03-31 20:17:39] checkoutcom.INFO: Channel Method -- make Payment for source :card {"obj":"[object] (Checkout\\Payments\\Request\\Source\\RequestIdSource: {\"id\":null,\"cvv\":null,\"payment_method\":null,\"stored\":null,\"store_for_future_use\":null,\"type\":\"id\"})"} []
[2023-03-31 20:18:24] checkoutcom.INFO: Channel Placeorder -- source type : id [] []
[2023-03-31 20:18:24] checkoutcom.INFO: Channel Payment Handler -- Execute Payment [] []
[2023-03-31 20:18:24] checkoutcom.INFO: Channel Method -- make Payment for source :card {"obj":"[object] (Checkout\\Payments\\Request\\Source\\RequestIdSource: {\"id\":null,\"cvv\":null,\"payment_method\":null,\"stored\":null,\"store_for_future_use\":null,\"type\":\"id\"})"} []
[2023-03-31 20:23:37] checkoutcom.INFO: Channel Placeorder -- source type : id [] []
[2023-03-31 20:23:37] checkoutcom.INFO: Channel Payment Handler -- Execute Payment [] []
[2023-03-31 20:23:37] checkoutcom.INFO: Channel Method -- make Payment for source :card {"obj":"[object] (Checkout\\Payments\\Request\\Source\\RequestIdSource: {\"id\":null,\"cvv\":null,\"payment_method\":null,\"stored\":null,\"store_for_future_use\":null,\"type\":\"id\"})"} []
[2023-03-31 20:26:14] checkoutcom.INFO: Channel Placeorder -- source type : id [] []
[2023-03-31 20:26:14] checkoutcom.INFO: Channel Payment Handler -- Execute Payment [] []
[2023-03-31 20:26:15] checkoutcom.INFO: Channel Method -- make Payment for source :card {"obj":"[object] (Checkout\\Payments\\Request\\Source\\RequestIdSource: {\"id\":null,\"cvv\":null,\"payment_method\":null,\"stored\":null,\"store_for_future_use\":null,\"type\":\"id\"})"} []
[2023-03-31 20:27:35] checkoutcom.INFO: Channel Placeorder -- source type : id [] []
[2023-03-31 20:27:35] checkoutcom.INFO: Channel Payment Handler -- Execute Payment [] []
[2023-03-31 20:27:35] checkoutcom.INFO: Channel Method -- make Payment for source :card {"obj":"[object] (Checkout\\Payments\\Request\\Source\\RequestIdSource: {\"id\":null,\"cvv\":null,\"payment_method\":null,\"stored\":null,\"store_for_future_use\":null,\"type\":\"id\"})"} []
[2023-03-31 20:28:15] checkoutcom.INFO: Channel Placeorder -- source type : id [] []
[2023-03-31 20:28:15] checkoutcom.INFO: Channel Payment Handler -- Execute Payment [] []
[2023-03-31 20:28:16] checkoutcom.INFO: Channel Method -- make Payment for source :card {"obj":"[object] (Checkout\\Payments\\Request\\Source\\RequestIdSource: {\"id\":null,\"cvv\":null,\"payment_method\":null,\"stored\":null,\"store_for_future_use\":null,\"type\":\"id\"})"} []
[2023-03-31 20:29:03] checkoutcom.INFO: Channel Placeorder -- source type : id [] []
[2023-03-31 20:29:03] checkoutcom.INFO: Channel Payment Handler -- Execute Payment [] []
[2023-03-31 20:29:03] checkoutcom.INFO: Channel Method -- make Payment for source :card {"obj":"[object] (Checkout\\Payments\\Request\\Source\\RequestIdSource: {\"id\":null,\"cvv\":null,\"payment_method\":null,\"stored\":null,\"store_for_future_use\":null,\"type\":\"id\"})"} []
[2023-03-31 20:29:18] checkoutcom.INFO: Channel Placeorder -- source type : id [] []
[2023-03-31 20:29:18] checkoutcom.INFO: Channel Payment Handler -- Execute Payment [] []
[2023-03-31 20:29:18] checkoutcom.INFO: Channel Method -- make Payment for source :card {"obj":"[object] (Checkout\\Payments\\Request\\Source\\RequestIdSource: {\"id\":null,\"cvv\":null,\"payment_method\":null,\"stored\":null,\"store_for_future_use\":null,\"type\":\"id\"})"} []
[2023-03-31 20:29:53] checkoutcom.INFO: Channel Placeorder -- source type : id [] []
[2023-03-31 20:29:53] checkoutcom.INFO: Channel Payment Handler -- Execute Payment [] []
[2023-03-31 20:29:53] checkoutcom.INFO: Channel Method -- make Payment for source :card {"obj":"[object] (Checkout\\Payments\\Request\\Source\\RequestIdSource: {\"id\":null,\"cvv\":null,\"payment_method\":null,\"stored\":null,\"store_for_future_use\":null,\"type\":\"id\"})"} []
[2023-03-31 20:30:09] checkoutcom.INFO: Channel Placeorder -- source type : id [] []
[2023-03-31 20:30:09] checkoutcom.INFO: Channel Payment Handler -- Execute Payment [] []
[2023-03-31 20:30:09] checkoutcom.INFO: Channel Method -- make Payment for source :card {"obj":"[object] (Checkout\\Payments\\Request\\Source\\RequestIdSource: {\"id\":null,\"cvv\":null,\"payment_method\":null,\"stored\":null,\"store_for_future_use\":null,\"type\":\"id\"})"} []
[2023-03-31 20:30:31] checkoutcom.INFO: Channel Placeorder -- source type : id [] []
[2023-03-31 20:30:31] checkoutcom.INFO: Channel Payment Handler -- Execute Payment [] []
[2023-03-31 20:30:31] checkoutcom.INFO: Channel Method -- make Payment for source :card {"obj":"[object] (Checkout\\Payments\\Request\\Source\\RequestIdSource: {\"id\":null,\"cvv\":null,\"payment_method\":null,\"stored\":null,\"store_for_future_use\":null,\"type\":\"id\"})"} []
[2023-03-31 20:30:44] checkoutcom.INFO: Channel Placeorder -- source type : id [] []
[2023-03-31 20:30:44] checkoutcom.INFO: Channel Payment Handler -- Execute Payment [] []
[2023-03-31 20:30:44] checkoutcom.INFO: Channel Method -- make Payment for source :card {"obj":"[object] (Checkout\\Payments\\Request\\Source\\RequestIdSource: {\"id\":null,\"cvv\":null,\"payment_method\":null,\"stored\":null,\"store_for_future_use\":null,\"type\":\"id\"})"} []
[2023-03-31 20:31:25] checkoutcom.INFO: Channel Placeorder -- source type : id [] []
[2023-03-31 20:31:25] checkoutcom.INFO: Channel Payment Handler -- Execute Payment [] []
[2023-03-31 20:31:25] checkoutcom.INFO: Channel Method -- make Payment for source :card {"obj":"[object] (Checkout\\Payments\\Request\\Source\\RequestIdSource: {\"id\":null,\"cvv\":null,\"payment_method\":null,\"stored\":null,\"store_for_future_use\":null,\"type\":\"id\"})"} []
