[2023-04-02 23:35:18] checkoutcom.INFO: Channel Placeorder -- source type : id [] []
[2023-04-02 23:35:18] checkoutcom.INFO: Channel Payment Handler -- Execute Payment [] []
[2023-04-02 23:35:28] checkoutcom.INFO: Channel Method -- make Payment for source :card {"obj":"[object] (Checkout\\Payments\\Request\\Source\\RequestIdSource: {\"id\":null,\"cvv\":null,\"payment_method\":null,\"stored\":null,\"store_for_future_use\":null,\"type\":\"id\"})"} []
[2023-04-02 23:37:17] checkoutcom.INFO: Channel Placeorder -- source type : id [] []
[2023-04-02 23:37:17] checkoutcom.INFO: Channel Payment Handler -- Execute Payment [] []
[2023-04-02 23:37:26] checkoutcom.INFO: Channel Method -- make Payment for source :card {"obj":"[object] (Checkout\\Payments\\Request\\Source\\RequestIdSource: {\"id\":null,\"cvv\":null,\"payment_method\":null,\"stored\":null,\"store_for_future_use\":null,\"type\":\"id\"})"} []
[2023-04-02 23:38:35] checkoutcom.INFO: Channel Placeorder -- source type : id [] []
[2023-04-02 23:38:35] checkoutcom.INFO: Channel Payment Handler -- Execute Payment [] []
[2023-04-02 23:38:36] checkoutcom.INFO: Channel Method -- make Payment for source :card {"obj":"[object] (Checkout\\Payments\\Request\\Source\\RequestIdSource: {\"id\":null,\"cvv\":null,\"payment_method\":null,\"stored\":null,\"store_for_future_use\":null,\"type\":\"id\"})"} []
[2023-04-02 23:40:12] checkoutcom.INFO: Channel Placeorder -- source type : id [] []
[2023-04-02 23:40:12] checkoutcom.INFO: Channel Payment Handler -- Execute Payment [] []
[2023-04-02 23:40:13] checkoutcom.INFO: Channel Method -- make Payment for source :card {"obj":"[object] (Checkout\\Payments\\Request\\Source\\RequestIdSource: {\"id\":null,\"cvv\":null,\"payment_method\":null,\"stored\":null,\"store_for_future_use\":null,\"type\":\"id\"})"} []
[2023-04-02 23:41:24] checkoutcom.INFO: Channel Placeorder -- source type : id [] []
[2023-04-02 23:41:24] checkoutcom.INFO: Channel Payment Handler -- Execute Payment [] []
[2023-04-02 23:41:25] checkoutcom.INFO: Channel Method -- make Payment for source :card {"obj":"[object] (Checkout\\Payments\\Request\\Source\\RequestIdSource: {\"id\":null,\"cvv\":null,\"payment_method\":null,\"stored\":null,\"store_for_future_use\":null,\"type\":\"id\"})"} []
[2023-04-02 23:42:08] checkoutcom.INFO: Channel Placeorder -- source type : id [] []
[2023-04-02 23:42:08] checkoutcom.INFO: Channel Payment Handler -- Execute Payment [] []
[2023-04-02 23:42:08] checkoutcom.INFO: Channel Method -- make Payment for source :card {"obj":"[object] (Checkout\\Payments\\Request\\Source\\RequestIdSource: {\"id\":null,\"cvv\":null,\"payment_method\":null,\"stored\":null,\"store_for_future_use\":null,\"type\":\"id\"})"} []
[2023-04-02 23:42:43] checkoutcom.INFO: Channel Placeorder -- source type : id [] []
[2023-04-02 23:42:43] checkoutcom.INFO: Channel Payment Handler -- Execute Payment [] []
[2023-04-02 23:42:44] checkoutcom.INFO: Channel Method -- make Payment for source :card {"obj":"[object] (Checkout\\Payments\\Request\\Source\\RequestIdSource: {\"id\":null,\"cvv\":null,\"payment_method\":null,\"stored\":null,\"store_for_future_use\":null,\"type\":\"id\"})"} []
[2023-04-02 23:47:01] checkoutcom.INFO: Channel Placeorder -- source type : id [] []
[2023-04-02 23:47:01] checkoutcom.INFO: Channel Payment Handler -- Execute Payment [] []
[2023-04-02 23:47:35] checkoutcom.INFO: Channel Placeorder -- source type : id [] []
[2023-04-02 23:47:35] checkoutcom.INFO: Channel Payment Handler -- Execute Payment [] []
[2023-04-02 23:47:35] checkoutcom.INFO: Channel Method -- make Payment for source :card {"obj":"[object] (Checkout\\Payments\\Request\\Source\\RequestIdSource: {\"id\":null,\"cvv\":null,\"payment_method\":null,\"stored\":null,\"store_for_future_use\":null,\"type\":\"id\"})"} []
[2023-04-03 00:03:48] checkoutcom.INFO: Channel Placeorder -- source type : card [] []
[2023-04-03 00:03:48] checkoutcom.INFO: Channel Payment Handler -- Execute Payment [] []
[2023-04-03 00:09:35] checkoutcom.INFO: Channel Placeorder -- source type : card [] []
[2023-04-03 00:09:35] checkoutcom.INFO: Channel Payment Handler -- Execute Payment [] []
[2023-04-03 00:09:50] checkoutcom.INFO: Channel Placeorder -- source type : card [] []
[2023-04-03 00:09:50] checkoutcom.INFO: Channel Payment Handler -- Execute Payment [] []
[2023-04-03 00:19:57] checkoutcom.INFO: Channel Placeorder -- source type : card [] []
[2023-04-03 00:19:57] checkoutcom.INFO: Channel Payment Handler -- Execute Payment [] []
[2023-04-03 00:19:57] checkoutcom.INFO: Channel Method -- make Payment for source :card {"obj":"[object] (Checkout\\Payments\\Request\\Source\\RequestTokenSource: {\"token\":null,\"billing_address\":null,\"phone\":null,\"stored\":null,\"store_for_future_use\":null,\"type\":\"token\"})"} []
[2023-04-03 00:26:33] checkoutcom.INFO: Channel Placeorder -- source type : card [] []
[2023-04-03 00:26:33] checkoutcom.INFO: Channel Payment Handler -- Execute Payment [] []
[2023-04-03 00:26:33] checkoutcom.INFO: Channel Method -- make Payment for source :card {"obj":"[object] (Checkout\\Payments\\Request\\Source\\RequestTokenSource: {\"token\":null,\"billing_address\":null,\"phone\":null,\"stored\":null,\"store_for_future_use\":null,\"type\":\"token\"})"} []
[2023-04-03 22:41:00] checkoutcom.INFO: Channel Placeorder -- source type : card [] []
[2023-04-03 22:41:00] checkoutcom.INFO: Channel Payment Handler -- Execute Payment [] []
[2023-04-03 22:41:00] checkoutcom.INFO: Channel Method -- make Payment for source :card {"obj":"[object] (Checkout\\Payments\\Request\\Source\\RequestTokenSource: {\"token\":null,\"billing_address\":null,\"phone\":null,\"stored\":null,\"store_for_future_use\":null,\"type\":\"token\"})"} []
[2023-04-03 22:48:49] checkoutcom.INFO: Channel Placeorder -- source type : card [] []
[2023-04-03 22:48:49] checkoutcom.INFO: Channel Payment Handler -- Execute Payment [] []
[2023-04-03 22:49:25] checkoutcom.INFO: Channel Placeorder -- source type : card [] []
[2023-04-03 22:49:25] checkoutcom.INFO: Channel Payment Handler -- Execute Payment [] []
[2023-04-03 22:49:25] checkoutcom.INFO: Channel Method -- make Payment for source :card {"obj":"[object] (stdClass: {\"type\":\"token\",\"token\":\"tok_2a6b6h2rojkedfr6wkov46f6rm\"})"} []
[2023-04-03 22:50:58] checkoutcom.INFO: Channel Placeorder -- source type : card [] []
[2023-04-03 22:50:58] checkoutcom.INFO: Channel Payment Handler -- Execute Payment [] []
[2023-04-03 22:50:58] checkoutcom.INFO: Channel Method -- make Payment for source :card {"obj":"[object] (stdClass: {\"type\":\"token\",\"token\":\"tok_ngv5ldzq3dgerort77qokr3g24\"})"} []
[2023-04-04 12:14:16] checkoutcom.INFO: Channel Placeorder -- source type : card [] []
[2023-04-04 12:14:16] checkoutcom.INFO: Channel Payment Handler -- Execute Payment [] []
[2023-04-04 12:14:16] checkoutcom.INFO: Channel Method -- make Payment for source :card {"obj":"[object] (stdClass: {\"type\":\"token\",\"token\":\"tok_ngv5ldzq3dgerort77qokr3g24\"})"} []
[2023-04-04 12:27:46] checkoutcom.INFO: Channel Placeorder -- source type : card [] []
[2023-04-04 12:27:46] checkoutcom.INFO: Channel Payment Handler -- Execute Payment [] []
[2023-04-04 12:27:46] checkoutcom.INFO: Channel Method -- make Payment for source :card {"obj":"[object] (stdClass: {\"type\":\"token\",\"token\":\"tok_6vuc4bpoa4buzmdcvx4xbknkfm\"})"} []
[2023-04-04 12:49:53] checkoutcom.INFO: Channel Placeorder -- source type : card [] []
[2023-04-04 12:49:53] checkoutcom.INFO: Channel Payment Handler -- Execute Payment [] []
[2023-04-04 12:49:53] checkoutcom.INFO: Channel Method -- make Payment for source :card {"obj":"[object] (stdClass: {\"type\":\"token\",\"token\":\"tok_6vuc4bpoa4buzmdcvx4xbknkfm\"})"} []
[2023-04-04 12:58:30] checkoutcom.INFO: Channel Placeorder -- source type : id [] []
[2023-04-04 12:58:30] checkoutcom.INFO: Channel Payment Handler -- Execute Payment [] []
[2023-04-04 12:58:30] checkoutcom.INFO: Channel Method -- make Payment for source :card {"obj":"[object] (stdClass: {\"type\":\"id\",\"id\":\"src_7mf7dvwahlnu3hwbdmyfskggua\"})"} []
[2023-04-04 22:45:27] checkoutcom.INFO: Channel Placeorder -- source type : id [] []
[2023-04-04 22:45:27] checkoutcom.INFO: Channel Payment Handler -- Execute Payment [] []
[2023-04-04 22:45:28] checkoutcom.INFO: Channel Method -- make Payment for source :card {"obj":"[object] (stdClass: {\"type\":\"id\",\"id\":\"src_7mf7dvwahlnu3hwbdmyfskggua\"})"} []
[2023-04-04 22:48:24] checkoutcom.INFO: Channel Placeorder -- source type : id [] []
[2023-04-04 22:48:24] checkoutcom.INFO: Channel Payment Handler -- Execute Payment [] []
[2023-04-04 22:48:25] checkoutcom.INFO: Channel Method -- make Payment for source :card {"obj":"[object] (stdClass: {\"type\":\"id\",\"id\":\"src_7mf7dvwahlnu3hwbdmyfskggua\"})"} []
[2023-04-04 22:50:42] checkoutcom.INFO: Channel Placeorder -- source type : card [] []
[2023-04-04 22:50:42] checkoutcom.INFO: Channel Payment Handler -- Execute Payment [] []
[2023-04-04 22:50:42] checkoutcom.INFO: Channel Method -- make Payment for source :card {"obj":"[object] (stdClass: {\"type\":\"token\",\"token\":\"tok_xzl5tsugosautdpzx24x3njgsq\"})"} []
[2023-04-04 22:54:06] checkoutcom.INFO: Channel Placeorder -- source type : card [] []
[2023-04-04 22:54:06] checkoutcom.INFO: Channel Payment Handler -- Execute Payment [] []
[2023-04-04 22:54:06] checkoutcom.INFO: Channel Method -- make Payment for source :card {"obj":"[object] (stdClass: {\"type\":\"token\",\"token\":\"tok_xzl5tsugosautdpzx24x3njgsq\"})"} []
[2023-04-04 22:54:45] checkoutcom.INFO: Channel Placeorder -- source type : card [] []
[2023-04-04 22:54:45] checkoutcom.INFO: Channel Payment Handler -- Execute Payment [] []
[2023-04-04 22:54:45] checkoutcom.INFO: Channel Method -- make Payment for source :card {"obj":"[object] (stdClass: {\"type\":\"token\",\"token\":\"tok_mqpe7taz5svuniuxaf5gxnrvau\"})"} []
[2023-04-04 22:57:00] checkoutcom.INFO: Channel Placeorder -- source type : card [] []
[2023-04-04 22:57:00] checkoutcom.INFO: Channel Payment Handler -- Execute Payment [] []
[2023-04-04 22:57:00] checkoutcom.INFO: Channel Method -- make Payment for source :card {"obj":"[object] (stdClass: {\"type\":\"token\",\"token\":\"tok_mqpe7taz5svuniuxaf5gxnrvau\"})"} []
[2023-04-04 22:57:38] checkoutcom.INFO: Channel Placeorder -- source type : card [] []
[2023-04-04 22:57:38] checkoutcom.INFO: Channel Payment Handler -- Execute Payment [] []
[2023-04-04 22:57:38] checkoutcom.INFO: Channel Method -- make Payment for source :card {"obj":"[object] (stdClass: {\"type\":\"token\",\"token\":\"tok_6tqsw7nwbniuzmz4k52w5df3km\"})"} []
[2023-04-04 22:58:22] checkoutcom.INFO: Channel Placeorder -- source type : card [] []
[2023-04-04 22:58:22] checkoutcom.INFO: Channel Payment Handler -- Execute Payment [] []
[2023-04-04 22:58:22] checkoutcom.INFO: Channel Method -- make Payment for source :card {"obj":"[object] (stdClass: {\"type\":\"token\",\"token\":\"tok_x5mkukqeicwubnt3wim4petyxu\"})"} []
[2023-04-04 23:01:06] checkoutcom.INFO: Channel Placeorder -- source type : card [] []
[2023-04-04 23:01:06] checkoutcom.INFO: Channel Payment Handler -- Execute Payment [] []
[2023-04-04 23:01:06] checkoutcom.INFO: Channel Method -- make Payment for source :card {"obj":"[object] (stdClass: {\"type\":\"token\",\"token\":\"tok_s3dpjyxymynudpx3l2rfuaxrda\"})"} []
[2023-04-04 23:01:08] checkoutcom.INFO: Channel Method -- Request Payment : {"obj":{"http_metadata":"[object] (Checkout\\HttpMetadata: {})","id":"pay_fg3mfnn2k6qupmr7xuabbsgv6e","status":"Pending","reference":"CART_78","customer":{"id":"cus_vtqfq3npu2dubcdyzyfl4ymyoi","email":"sumit@itensia.com","name":"Sumit Desai"},"3ds":{"downgraded":false,"enrolled":"Y"},"_links":{"self":{"href":"https://api.sandbox.checkout.com/payments/pay_fg3mfnn2k6qupmr7xuabbsgv6e"},"actions":{"href":"https://api.sandbox.checkout.com/payments/pay_fg3mfnn2k6qupmr7xuabbsgv6e/actions"},"redirect":{"href":"https://api.sandbox.checkout.com/sessions-interceptor/sid_q2b37trtmamudhwcqlabrmafpe"}}}} []
[2023-04-04 23:01:08] checkoutcom.INFO: Channel Method -- Response Payment : {"obj":{"http_metadata":"[object] (Checkout\\HttpMetadata: {})","id":"pay_fg3mfnn2k6qupmr7xuabbsgv6e","status":"Pending","reference":"CART_78","customer":{"id":"cus_vtqfq3npu2dubcdyzyfl4ymyoi","email":"sumit@itensia.com","name":"Sumit Desai"},"3ds":{"downgraded":false,"enrolled":"Y"},"_links":{"self":{"href":"https://api.sandbox.checkout.com/payments/pay_fg3mfnn2k6qupmr7xuabbsgv6e"},"actions":{"href":"https://api.sandbox.checkout.com/payments/pay_fg3mfnn2k6qupmr7xuabbsgv6e/actions"},"redirect":{"href":"https://api.sandbox.checkout.com/sessions-interceptor/sid_q2b37trtmamudhwcqlabrmafpe"}}}} []
[2023-04-04 23:07:31] checkoutcom.INFO: Channel Placeorder -- source type : card [] []
[2023-04-04 23:07:31] checkoutcom.INFO: Channel Payment Handler -- Execute Payment [] []
[2023-04-04 23:07:31] checkoutcom.INFO: Channel Method -- make Payment for source :card {"obj":"[object] (stdClass: {\"type\":\"token\",\"token\":\"tok_zk43nhxscejuxiipfes3hocram\"})"} []
[2023-04-04 23:07:33] checkoutcom.INFO: Channel Method -- Request Payment : {"obj":{"http_metadata":"[object] (Checkout\\HttpMetadata: {})","id":"pay_tm4jdi6yrp4erjakz6e5t2kcr4","status":"Pending","reference":"CART_78","customer":{"id":"cus_vtqfq3npu2dubcdyzyfl4ymyoi","email":"sumit@itensia.com","name":"Sumit Desai"},"3ds":{"downgraded":false,"enrolled":"Y"},"_links":{"self":{"href":"https://api.sandbox.checkout.com/payments/pay_tm4jdi6yrp4erjakz6e5t2kcr4"},"actions":{"href":"https://api.sandbox.checkout.com/payments/pay_tm4jdi6yrp4erjakz6e5t2kcr4/actions"},"redirect":{"href":"https://api.sandbox.checkout.com/sessions-interceptor/sid_6regmeugpnwulm53ixw6t7icxe"}}}} []
[2023-04-04 23:07:33] checkoutcom.INFO: Channel Method -- Response Payment : {"obj":{"http_metadata":"[object] (Checkout\\HttpMetadata: {})","id":"pay_tm4jdi6yrp4erjakz6e5t2kcr4","status":"Pending","reference":"CART_78","customer":{"id":"cus_vtqfq3npu2dubcdyzyfl4ymyoi","email":"sumit@itensia.com","name":"Sumit Desai"},"3ds":{"downgraded":false,"enrolled":"Y"},"_links":{"self":{"href":"https://api.sandbox.checkout.com/payments/pay_tm4jdi6yrp4erjakz6e5t2kcr4"},"actions":{"href":"https://api.sandbox.checkout.com/payments/pay_tm4jdi6yrp4erjakz6e5t2kcr4/actions"},"redirect":{"href":"https://api.sandbox.checkout.com/sessions-interceptor/sid_6regmeugpnwulm53ixw6t7icxe"}}}} []
[2023-04-04 23:29:25] checkoutcom.INFO: Channel Placeorder -- source type : card [] []
[2023-04-04 23:29:25] checkoutcom.INFO: Channel Payment Handler -- Execute Payment [] []
[2023-04-04 23:29:25] checkoutcom.INFO: Channel Method -- make Payment for source :card {"obj":"[object] (stdClass: {\"type\":\"token\",\"token\":\"tok_2jeaudts5shudojvtohhvk2gda\"})"} []
[2023-04-04 23:29:27] checkoutcom.INFO: Channel Method -- Request Payment : {"obj":{"http_metadata":"[object] (Checkout\\HttpMetadata: {})","id":"pay_t2s5wo7cia4uxpwtshp5d3zko4","status":"Pending","reference":"CART_78","customer":{"id":"cus_vtqfq3npu2dubcdyzyfl4ymyoi","email":"sumit@itensia.com","name":"Sumit Desai"},"3ds":{"downgraded":false,"enrolled":"Y"},"_links":{"self":{"href":"https://api.sandbox.checkout.com/payments/pay_t2s5wo7cia4uxpwtshp5d3zko4"},"actions":{"href":"https://api.sandbox.checkout.com/payments/pay_t2s5wo7cia4uxpwtshp5d3zko4/actions"},"redirect":{"href":"https://api.sandbox.checkout.com/sessions-interceptor/sid_cxd5ycyw2dfujj6fsrcmtfy5ay"}}}} []
[2023-04-04 23:29:27] checkoutcom.INFO: Channel Method -- Response Payment : {"obj":{"http_metadata":"[object] (Checkout\\HttpMetadata: {})","id":"pay_t2s5wo7cia4uxpwtshp5d3zko4","status":"Pending","reference":"CART_78","customer":{"id":"cus_vtqfq3npu2dubcdyzyfl4ymyoi","email":"sumit@itensia.com","name":"Sumit Desai"},"3ds":{"downgraded":false,"enrolled":"Y"},"_links":{"self":{"href":"https://api.sandbox.checkout.com/payments/pay_t2s5wo7cia4uxpwtshp5d3zko4"},"actions":{"href":"https://api.sandbox.checkout.com/payments/pay_t2s5wo7cia4uxpwtshp5d3zko4/actions"},"redirect":{"href":"https://api.sandbox.checkout.com/sessions-interceptor/sid_cxd5ycyw2dfujj6fsrcmtfy5ay"}}}} []
[2023-04-04 23:29:55] checkoutcom.INFO: Channel Placeorder -- source type : card [] []
[2023-04-04 23:29:55] checkoutcom.INFO: Channel Payment Handler -- Execute Payment [] []
[2023-04-04 23:29:55] checkoutcom.INFO: Channel Method -- make Payment for source :card {"obj":"[object] (stdClass: {\"type\":\"token\",\"token\":\"tok_zdxdod2pcbuuxdwwbqsg3cg7qy\"})"} []
[2023-04-04 23:29:57] checkoutcom.INFO: Channel Method -- Request Payment : {"obj":{"http_metadata":"[object] (Checkout\\HttpMetadata: {})","id":"pay_omrnbuokiyxezazcji5jcchxui","status":"Pending","reference":"CART_78","customer":{"id":"cus_vtqfq3npu2dubcdyzyfl4ymyoi","email":"sumit@itensia.com","name":"Sumit Desai"},"3ds":{"downgraded":false,"enrolled":"Y"},"_links":{"self":{"href":"https://api.sandbox.checkout.com/payments/pay_omrnbuokiyxezazcji5jcchxui"},"actions":{"href":"https://api.sandbox.checkout.com/payments/pay_omrnbuokiyxezazcji5jcchxui/actions"},"redirect":{"href":"https://api.sandbox.checkout.com/sessions-interceptor/sid_jrd5uuuvpnvuten6sresfhhcou"}}}} []
[2023-04-04 23:29:57] checkoutcom.INFO: Channel Method -- Response Payment : {"obj":{"http_metadata":"[object] (Checkout\\HttpMetadata: {})","id":"pay_omrnbuokiyxezazcji5jcchxui","status":"Pending","reference":"CART_78","customer":{"id":"cus_vtqfq3npu2dubcdyzyfl4ymyoi","email":"sumit@itensia.com","name":"Sumit Desai"},"3ds":{"downgraded":false,"enrolled":"Y"},"_links":{"self":{"href":"https://api.sandbox.checkout.com/payments/pay_omrnbuokiyxezazcji5jcchxui"},"actions":{"href":"https://api.sandbox.checkout.com/payments/pay_omrnbuokiyxezazcji5jcchxui/actions"},"redirect":{"href":"https://api.sandbox.checkout.com/sessions-interceptor/sid_jrd5uuuvpnvuten6sresfhhcou"}}}} []
[2023-04-04 23:29:57] checkoutcom.INFO: Channel Placeorder -- payment process : response failed [] []
[2023-04-04 23:29:57] checkoutcom.ERROR: Channel Placeorder -- HandleFail Payment for order not processed [] []
[2023-04-04 23:31:18] checkoutcom.INFO: Channel Placeorder -- source type : card [] []
[2023-04-04 23:31:18] checkoutcom.INFO: Channel Payment Handler -- Execute Payment [] []
[2023-04-04 23:31:18] checkoutcom.INFO: Channel Method -- make Payment for source :card {"obj":"[object] (stdClass: {\"type\":\"token\",\"token\":\"tok_awpqruuvpvhefgvdz3nmprulbm\"})"} []
[2023-04-04 23:31:20] checkoutcom.INFO: Channel Method -- Request Payment : {"obj":{"http_metadata":"[object] (Checkout\\HttpMetadata: {})","id":"pay_x2kgptfod6huxfsk3jwcmkstii","status":"Pending","reference":"CART_78","customer":{"id":"cus_vtqfq3npu2dubcdyzyfl4ymyoi","email":"sumit@itensia.com","name":"Sumit Desai"},"3ds":{"downgraded":false,"enrolled":"Y"},"_links":{"self":{"href":"https://api.sandbox.checkout.com/payments/pay_x2kgptfod6huxfsk3jwcmkstii"},"actions":{"href":"https://api.sandbox.checkout.com/payments/pay_x2kgptfod6huxfsk3jwcmkstii/actions"},"redirect":{"href":"https://api.sandbox.checkout.com/sessions-interceptor/sid_m3vicdajckhe5feyvweqermahm"}}}} []
[2023-04-04 23:31:20] checkoutcom.INFO: Channel Method -- Response Payment : {"obj":{"http_metadata":"[object] (Checkout\\HttpMetadata: {})","id":"pay_x2kgptfod6huxfsk3jwcmkstii","status":"Pending","reference":"CART_78","customer":{"id":"cus_vtqfq3npu2dubcdyzyfl4ymyoi","email":"sumit@itensia.com","name":"Sumit Desai"},"3ds":{"downgraded":false,"enrolled":"Y"},"_links":{"self":{"href":"https://api.sandbox.checkout.com/payments/pay_x2kgptfod6huxfsk3jwcmkstii"},"actions":{"href":"https://api.sandbox.checkout.com/payments/pay_x2kgptfod6huxfsk3jwcmkstii/actions"},"redirect":{"href":"https://api.sandbox.checkout.com/sessions-interceptor/sid_m3vicdajckhe5feyvweqermahm"}}}} []
[2023-04-05 00:16:21] checkoutcom.INFO: Channel Placeorder -- source type : card [] []
[2023-04-05 00:16:22] checkoutcom.INFO: Channel Payment Handler -- Execute Payment [] []
[2023-04-05 00:16:22] checkoutcom.INFO: Channel Method -- make Payment for source :card {"obj":"[object] (stdClass: {\"type\":\"token\",\"token\":\"tok_hxbdkno6wzduhbspvmsqrvwmt4\"})"} []
[2023-04-05 00:16:23] checkoutcom.INFO: Channel Method -- Request Payment : {"obj":{"http_metadata":"[object] (Checkout\\HttpMetadata: {})","id":"pay_rfiinanko2buthwl6xu7g3q4lq","status":"Pending","reference":"CART_78","customer":{"id":"cus_vtqfq3npu2dubcdyzyfl4ymyoi","email":"sumit@itensia.com","name":"Sumit Desai"},"3ds":{"downgraded":false,"enrolled":"Y"},"_links":{"self":{"href":"https://api.sandbox.checkout.com/payments/pay_rfiinanko2buthwl6xu7g3q4lq"},"actions":{"href":"https://api.sandbox.checkout.com/payments/pay_rfiinanko2buthwl6xu7g3q4lq/actions"},"redirect":{"href":"https://api.sandbox.checkout.com/sessions-interceptor/sid_qekuvmtd7pcu3fpp2zpnuct53i"}}}} []
[2023-04-05 00:16:23] checkoutcom.INFO: Channel Method -- Response Payment : {"obj":{"http_metadata":"[object] (Checkout\\HttpMetadata: {})","id":"pay_rfiinanko2buthwl6xu7g3q4lq","status":"Pending","reference":"CART_78","customer":{"id":"cus_vtqfq3npu2dubcdyzyfl4ymyoi","email":"sumit@itensia.com","name":"Sumit Desai"},"3ds":{"downgraded":false,"enrolled":"Y"},"_links":{"self":{"href":"https://api.sandbox.checkout.com/payments/pay_rfiinanko2buthwl6xu7g3q4lq"},"actions":{"href":"https://api.sandbox.checkout.com/payments/pay_rfiinanko2buthwl6xu7g3q4lq/actions"},"redirect":{"href":"https://api.sandbox.checkout.com/sessions-interceptor/sid_qekuvmtd7pcu3fpp2zpnuct53i"}}}} []
[2023-04-05 00:16:53] checkoutcom.INFO: Channel Placeorder -- source type : card [] []
[2023-04-05 00:16:53] checkoutcom.INFO: Channel Payment Handler -- Execute Payment [] []
[2023-04-05 00:16:53] checkoutcom.INFO: Channel Method -- make Payment for source :card {"obj":"[object] (stdClass: {\"type\":\"token\",\"token\":\"tok_75m5zqh46cquvn65dsxtbrfqde\"})"} []
[2023-04-05 00:16:55] checkoutcom.INFO: Channel Method -- Request Payment : {"obj":{"http_metadata":"[object] (Checkout\\HttpMetadata: {})","id":"pay_z63oguslwzxu5klypmvy7d3mye","status":"Pending","reference":"CART_78","customer":{"id":"cus_vtqfq3npu2dubcdyzyfl4ymyoi","email":"sumit@itensia.com","name":"Sumit Desai"},"3ds":{"downgraded":false,"enrolled":"Y"},"_links":{"self":{"href":"https://api.sandbox.checkout.com/payments/pay_z63oguslwzxu5klypmvy7d3mye"},"actions":{"href":"https://api.sandbox.checkout.com/payments/pay_z63oguslwzxu5klypmvy7d3mye/actions"},"redirect":{"href":"https://api.sandbox.checkout.com/sessions-interceptor/sid_stmrcotyqqqehnlo5iujdprjva"}}}} []
[2023-04-05 00:16:55] checkoutcom.INFO: Channel Method -- Response Payment : {"obj":{"http_metadata":"[object] (Checkout\\HttpMetadata: {})","id":"pay_z63oguslwzxu5klypmvy7d3mye","status":"Pending","reference":"CART_78","customer":{"id":"cus_vtqfq3npu2dubcdyzyfl4ymyoi","email":"sumit@itensia.com","name":"Sumit Desai"},"3ds":{"downgraded":false,"enrolled":"Y"},"_links":{"self":{"href":"https://api.sandbox.checkout.com/payments/pay_z63oguslwzxu5klypmvy7d3mye"},"actions":{"href":"https://api.sandbox.checkout.com/payments/pay_z63oguslwzxu5klypmvy7d3mye/actions"},"redirect":{"href":"https://api.sandbox.checkout.com/sessions-interceptor/sid_stmrcotyqqqehnlo5iujdprjva"}}}} []
[2023-04-05 00:16:55] checkoutcom.INFO: Channel Placeorder -- payment process : response isSuccessful [] []
[2023-04-05 00:16:55] checkoutcom.INFO: Channel Placeorder -- Response : {"obj":{"http_metadata":"[object] (Checkout\\HttpMetadata: {})","id":"pay_z63oguslwzxu5klypmvy7d3mye","status":"Pending","reference":"CART_78","customer":{"id":"cus_vtqfq3npu2dubcdyzyfl4ymyoi","email":"sumit@itensia.com","name":"Sumit Desai"},"3ds":{"downgraded":false,"enrolled":"Y"},"_links":{"self":{"href":"https://api.sandbox.checkout.com/payments/pay_z63oguslwzxu5klypmvy7d3mye"},"actions":{"href":"https://api.sandbox.checkout.com/payments/pay_z63oguslwzxu5klypmvy7d3mye/actions"},"redirect":{"href":"https://api.sandbox.checkout.com/sessions-interceptor/sid_stmrcotyqqqehnlo5iujdprjva"}}}} []
[2023-04-05 00:16:55] checkoutcom.INFO: Channel Placeorder -- Redirection to : https://api.sandbox.checkout.com/sessions-interceptor/sid_stmrcotyqqqehnlo5iujdprjva [] []
[2023-04-05 14:47:56] checkoutcom.INFO: Channel Placeorder -- source type : card [] []
[2023-04-05 14:47:56] checkoutcom.INFO: Channel Payment Handler -- Execute Payment [] []
[2023-04-05 14:47:56] checkoutcom.INFO: Channel Method -- make Payment for source :card {"obj":"[object] (stdClass: {\"type\":\"token\",\"token\":\"tok_iurl6uyf4gsupn7lgqjr45xxcy\"})"} []
[2023-04-05 14:47:59] checkoutcom.INFO: Channel Method -- Request Payment : {"obj":{"http_metadata":"[object] (Checkout\\HttpMetadata: {})","id":"pay_cawkmip263cuhmdm5sqoziqypa","status":"Pending","reference":"CART_78","customer":{"id":"cus_vtqfq3npu2dubcdyzyfl4ymyoi","email":"sumit@itensia.com","name":"Sumit Desai"},"3ds":{"downgraded":false,"enrolled":"Y"},"_links":{"self":{"href":"https://api.sandbox.checkout.com/payments/pay_cawkmip263cuhmdm5sqoziqypa"},"actions":{"href":"https://api.sandbox.checkout.com/payments/pay_cawkmip263cuhmdm5sqoziqypa/actions"},"redirect":{"href":"https://api.sandbox.checkout.com/sessions-interceptor/sid_57qrps5ge2zuzbe5tbp6kkg4oy"}}}} []
[2023-04-05 14:47:59] checkoutcom.INFO: Channel Method -- Response Payment : {"obj":{"http_metadata":"[object] (Checkout\\HttpMetadata: {})","id":"pay_cawkmip263cuhmdm5sqoziqypa","status":"Pending","reference":"CART_78","customer":{"id":"cus_vtqfq3npu2dubcdyzyfl4ymyoi","email":"sumit@itensia.com","name":"Sumit Desai"},"3ds":{"downgraded":false,"enrolled":"Y"},"_links":{"self":{"href":"https://api.sandbox.checkout.com/payments/pay_cawkmip263cuhmdm5sqoziqypa"},"actions":{"href":"https://api.sandbox.checkout.com/payments/pay_cawkmip263cuhmdm5sqoziqypa/actions"},"redirect":{"href":"https://api.sandbox.checkout.com/sessions-interceptor/sid_57qrps5ge2zuzbe5tbp6kkg4oy"}}}} []
[2023-04-05 14:47:59] checkoutcom.INFO: Channel Placeorder -- payment process : response isSuccessful [] []
[2023-04-05 14:47:59] checkoutcom.INFO: Channel Placeorder -- Response : {"obj":{"http_metadata":"[object] (Checkout\\HttpMetadata: {})","id":"pay_cawkmip263cuhmdm5sqoziqypa","status":"Pending","reference":"CART_78","customer":{"id":"cus_vtqfq3npu2dubcdyzyfl4ymyoi","email":"sumit@itensia.com","name":"Sumit Desai"},"3ds":{"downgraded":false,"enrolled":"Y"},"_links":{"self":{"href":"https://api.sandbox.checkout.com/payments/pay_cawkmip263cuhmdm5sqoziqypa"},"actions":{"href":"https://api.sandbox.checkout.com/payments/pay_cawkmip263cuhmdm5sqoziqypa/actions"},"redirect":{"href":"https://api.sandbox.checkout.com/sessions-interceptor/sid_57qrps5ge2zuzbe5tbp6kkg4oy"}}}} []
[2023-04-05 14:47:59] checkoutcom.INFO: Channel Placeorder -- Redirection to : https://api.sandbox.checkout.com/sessions-interceptor/sid_57qrps5ge2zuzbe5tbp6kkg4oy [] []
[2023-04-05 15:59:58] checkoutcom.INFO: Channel Placeorder -- source type : card [] []
[2023-04-05 15:59:59] checkoutcom.INFO: Channel Payment Handler -- Execute Payment [] []
[2023-04-05 15:59:59] checkoutcom.INFO: Channel Method -- make Payment for source :card {"obj":"[object] (stdClass: {\"type\":\"token\",\"token\":\"tok_x3ngk5aorbwejojqd46eigybi4\"})"} []
[2023-04-05 16:00:01] checkoutcom.INFO: Channel Method -- Request Payment : {"obj":{"http_metadata":"[object] (Checkout\\HttpMetadata: {})","id":"pay_7zx2hsag3zqe5p6lt4i3jvnndu","status":"Pending","reference":"CART_78","customer":{"id":"cus_vtqfq3npu2dubcdyzyfl4ymyoi","email":"sumit@itensia.com","name":"Sumit Desai"},"3ds":{"downgraded":false,"enrolled":"Y"},"_links":{"self":{"href":"https://api.sandbox.checkout.com/payments/pay_7zx2hsag3zqe5p6lt4i3jvnndu"},"actions":{"href":"https://api.sandbox.checkout.com/payments/pay_7zx2hsag3zqe5p6lt4i3jvnndu/actions"},"redirect":{"href":"https://api.sandbox.checkout.com/sessions-interceptor/sid_hfl4v7bmzipexlm5x7znaigqhe"}}}} []
[2023-04-05 16:00:01] checkoutcom.INFO: Channel Method -- Response Payment : {"obj":{"http_metadata":"[object] (Checkout\\HttpMetadata: {})","id":"pay_7zx2hsag3zqe5p6lt4i3jvnndu","status":"Pending","reference":"CART_78","customer":{"id":"cus_vtqfq3npu2dubcdyzyfl4ymyoi","email":"sumit@itensia.com","name":"Sumit Desai"},"3ds":{"downgraded":false,"enrolled":"Y"},"_links":{"self":{"href":"https://api.sandbox.checkout.com/payments/pay_7zx2hsag3zqe5p6lt4i3jvnndu"},"actions":{"href":"https://api.sandbox.checkout.com/payments/pay_7zx2hsag3zqe5p6lt4i3jvnndu/actions"},"redirect":{"href":"https://api.sandbox.checkout.com/sessions-interceptor/sid_hfl4v7bmzipexlm5x7znaigqhe"}}}} []
[2023-04-05 16:00:01] checkoutcom.INFO: Channel Placeorder -- payment process : response isSuccessful [] []
[2023-04-05 16:00:01] checkoutcom.INFO: Channel Placeorder -- Response : {"obj":{"http_metadata":"[object] (Checkout\\HttpMetadata: {})","id":"pay_7zx2hsag3zqe5p6lt4i3jvnndu","status":"Pending","reference":"CART_78","customer":{"id":"cus_vtqfq3npu2dubcdyzyfl4ymyoi","email":"sumit@itensia.com","name":"Sumit Desai"},"3ds":{"downgraded":false,"enrolled":"Y"},"_links":{"self":{"href":"https://api.sandbox.checkout.com/payments/pay_7zx2hsag3zqe5p6lt4i3jvnndu"},"actions":{"href":"https://api.sandbox.checkout.com/payments/pay_7zx2hsag3zqe5p6lt4i3jvnndu/actions"},"redirect":{"href":"https://api.sandbox.checkout.com/sessions-interceptor/sid_hfl4v7bmzipexlm5x7znaigqhe"}}}} []
[2023-04-05 16:00:01] checkoutcom.INFO: Channel Placeorder -- Redirection to : https://api.sandbox.checkout.com/sessions-interceptor/sid_hfl4v7bmzipexlm5x7znaigqhe [] []
[2023-04-05 16:00:06] checkoutcom.INFO: Channel Confirmation -- Response : {"obj":{"http_metadata":"[object] (Checkout\\HttpMetadata: {})","id":"pay_7zx2hsag3zqe5p6lt4i3jvnndu","requested_on":"2023-04-05T10:30:00.780439Z","source":{"id":"src_jn7ooix7yqiuzd7fqhzgshveaa","type":"card","billing_address":{"address_line1":"Pune","address_line2":"","city":"Pune","state":"Maharashtra","country":"IN"},"phone":[],"expiry_month":12,"expiry_year":2023,"name":"Sumit Desai","scheme":"Mastercard","last4":"6378","fingerprint":"04830F8EFA216062426326202B50AFAD4AE6802D347428DAF4F4921F5AA2CD6B","bin":"543603","card_type":"CREDIT","card_category":"CONSUMER","issuer":"SBM BANK (MAURITIUS) LTD","issuer_country":"MU","product_id":"MCC","product_type":"MasterCard® Credit Card (mixed BIN)","avs_check":"S","cvv_check":"Y","payment_account_reference":""},"expires_on":"2023-05-05T10:30:05.135995Z","amount":10483,"currency":"INR","payment_type":"Regular","reference":"CART_78","description":"Prestashop Order","status":"Captured","approved":true,"3ds":{"downgraded":false,"enrolled":"Y","authentication_response":"Y","cryptogram":"AAABAVIREQAAAAAAAAAAAAAAAAA=","xid":"c8532e0b-be66-491e-890e-fedcd1b63b33","version":"2.1.0","exemption":"none","challenged":false,"exemption_applied":"none"},"balances":{"total_authorized":10483,"total_voided":0,"available_to_void":0,"total_captured":10483,"available_to_capture":0,"total_refunded":0,"available_to_refund":10483},"risk":{"flagged":false,"score":0},"customer":{"id":"cus_vtqfq3npu2dubcdyzyfl4ymyoi","email":"sumit@itensia.com","name":"Sumit Desai"},"processing":{"acquirer_transaction_id":"913351856989134597103","retrieval_reference_number":"678143895569","merchant_category_code":"8999","scheme_merchant_id":"123456","aft":false},"eci":"02","scheme_id":"353816581270751","actions":[{"id":"act_m7c5ymcmk7ge5b5thbhnjni7aq","type":"Capture","response_code":"10000","response_summary":"Approved"},{"id":"act_t65n6naiu2ield2czjcuv4q3h4","type":"Authorization","response_code":"10000","response_summary":"Approved"}],"_links":{"self":{"href":"https://api.sandbox.checkout.com/payments/pay_7zx2hsag3zqe5p6lt4i3jvnndu"},"actions":{"href":"https://api.sandbox.checkout.com/payments/pay_7zx2hsag3zqe5p6lt4i3jvnndu/actions"},"refund":{"href":"https://api.sandbox.checkout.com/payments/pay_7zx2hsag3zqe5p6lt4i3jvnndu/refunds"}}}} []
[2023-04-08 16:59:25] checkoutcom.INFO: Channel Placeorder -- source type : card [] []
[2023-04-08 16:59:25] checkoutcom.INFO: Channel Payment Handler -- Execute Payment [] []
[2023-04-08 16:59:25] checkoutcom.INFO: Channel Method -- make Payment for source :card {"obj":"[object] (stdClass: {\"type\":\"token\",\"token\":\"tok_kvkra6skuqvepl6lcvdfltf2ne\"})"} []
[2023-04-08 16:59:28] checkoutcom.INFO: Channel Method -- Request Payment : {"obj":{"http_metadata":"[object] (Checkout\\HttpMetadata: {})","id":"pay_25iaumyz6y4efo5yc4nvahxbja","status":"Pending","reference":"CART_78","customer":{"id":"cus_vtqfq3npu2dubcdyzyfl4ymyoi","email":"sumit@itensia.com","name":"Sumit Desai"},"3ds":{"downgraded":false,"enrolled":"Y"},"_links":{"self":{"href":"https://api.sandbox.checkout.com/payments/pay_25iaumyz6y4efo5yc4nvahxbja"},"actions":{"href":"https://api.sandbox.checkout.com/payments/pay_25iaumyz6y4efo5yc4nvahxbja/actions"},"redirect":{"href":"https://api.sandbox.checkout.com/sessions-interceptor/sid_fqngxvsv4dvu3dap2b2njex76q"}}}} []
[2023-04-08 16:59:28] checkoutcom.INFO: Channel Method -- Response Payment : {"obj":{"http_metadata":"[object] (Checkout\\HttpMetadata: {})","id":"pay_25iaumyz6y4efo5yc4nvahxbja","status":"Pending","reference":"CART_78","customer":{"id":"cus_vtqfq3npu2dubcdyzyfl4ymyoi","email":"sumit@itensia.com","name":"Sumit Desai"},"3ds":{"downgraded":false,"enrolled":"Y"},"_links":{"self":{"href":"https://api.sandbox.checkout.com/payments/pay_25iaumyz6y4efo5yc4nvahxbja"},"actions":{"href":"https://api.sandbox.checkout.com/payments/pay_25iaumyz6y4efo5yc4nvahxbja/actions"},"redirect":{"href":"https://api.sandbox.checkout.com/sessions-interceptor/sid_fqngxvsv4dvu3dap2b2njex76q"}}}} []
[2023-04-08 16:59:28] checkoutcom.INFO: Channel Placeorder -- payment process : response isSuccessful [] []
[2023-04-08 16:59:28] checkoutcom.INFO: Channel Placeorder -- Response : {"obj":{"http_metadata":"[object] (Checkout\\HttpMetadata: {})","id":"pay_25iaumyz6y4efo5yc4nvahxbja","status":"Pending","reference":"CART_78","customer":{"id":"cus_vtqfq3npu2dubcdyzyfl4ymyoi","email":"sumit@itensia.com","name":"Sumit Desai"},"3ds":{"downgraded":false,"enrolled":"Y"},"_links":{"self":{"href":"https://api.sandbox.checkout.com/payments/pay_25iaumyz6y4efo5yc4nvahxbja"},"actions":{"href":"https://api.sandbox.checkout.com/payments/pay_25iaumyz6y4efo5yc4nvahxbja/actions"},"redirect":{"href":"https://api.sandbox.checkout.com/sessions-interceptor/sid_fqngxvsv4dvu3dap2b2njex76q"}}}} []
[2023-04-08 16:59:28] checkoutcom.INFO: Channel Placeorder -- Redirection to : https://api.sandbox.checkout.com/sessions-interceptor/sid_fqngxvsv4dvu3dap2b2njex76q [] []
[2023-04-08 16:59:33] checkoutcom.INFO: Channel Confirmation -- Response : {"obj":{"http_metadata":"[object] (Checkout\\HttpMetadata: {})","id":"pay_25iaumyz6y4efo5yc4nvahxbja","requested_on":"2023-04-08T11:29:27.226161Z","source":{"id":"src_jn7ooix7yqiuzd7fqhzgshveaa","type":"card","billing_address":{"address_line1":"Pune","address_line2":"","city":"Pune","state":"Maharashtra","country":"IN"},"phone":[],"expiry_month":12,"expiry_year":2023,"name":"Sumit Desai","scheme":"Mastercard","last4":"6378","fingerprint":"04830F8EFA216062426326202B50AFAD4AE6802D347428DAF4F4921F5AA2CD6B","bin":"543603","card_type":"CREDIT","card_category":"CONSUMER","issuer":"SBM BANK (MAURITIUS) LTD","issuer_country":"MU","product_id":"MCC","product_type":"MasterCard® Credit Card (mixed BIN)","avs_check":"S","cvv_check":"Y","payment_account_reference":""},"expires_on":"2023-05-08T11:29:31.1598108Z","amount":10483,"currency":"INR","payment_type":"Regular","reference":"CART_78","description":"Prestashop Order","status":"Captured","approved":true,"3ds":{"downgraded":false,"enrolled":"Y","authentication_response":"Y","cryptogram":"AAABAVIREQAAAAAAAAAAAAAAAAA=","xid":"02c4db88-4bd9-4ad4-8ecc-0e79a483a381","version":"2.1.0","exemption":"none","challenged":false,"exemption_applied":"none"},"balances":{"total_authorized":10483,"total_voided":0,"available_to_void":0,"total_captured":10483,"available_to_capture":0,"total_refunded":0,"available_to_refund":10483},"risk":{"flagged":false,"score":0},"customer":{"id":"cus_vtqfq3npu2dubcdyzyfl4ymyoi","email":"sumit@itensia.com","name":"Sumit Desai"},"processing":{"acquirer_transaction_id":"791869784063330760923","retrieval_reference_number":"600402336529","merchant_category_code":"8999","scheme_merchant_id":"123456","aft":false},"eci":"02","scheme_id":"380110920647616","actions":[{"id":"act_ertftds7jtoutgjhp6mf33cpga","type":"Capture","response_code":"10000","response_summary":"Approved"},{"id":"act_o6scmluankiungtdpizcgwsfje","type":"Authorization","response_code":"10000","response_summary":"Approved"}],"_links":{"self":{"href":"https://api.sandbox.checkout.com/payments/pay_25iaumyz6y4efo5yc4nvahxbja"},"actions":{"href":"https://api.sandbox.checkout.com/payments/pay_25iaumyz6y4efo5yc4nvahxbja/actions"},"refund":{"href":"https://api.sandbox.checkout.com/payments/pay_25iaumyz6y4efo5yc4nvahxbja/refunds"}}}} []
[2023-04-08 17:00:43] checkoutcom.INFO: Channel Confirmation -- Response : {"obj":{"http_metadata":"[object] (Checkout\\HttpMetadata: {})","id":"pay_25iaumyz6y4efo5yc4nvahxbja","requested_on":"2023-04-08T11:29:27.226161Z","source":{"id":"src_jn7ooix7yqiuzd7fqhzgshveaa","type":"card","billing_address":{"address_line1":"Pune","address_line2":"","city":"Pune","state":"Maharashtra","country":"IN"},"phone":[],"expiry_month":12,"expiry_year":2023,"name":"Sumit Desai","scheme":"Mastercard","last4":"6378","fingerprint":"04830F8EFA216062426326202B50AFAD4AE6802D347428DAF4F4921F5AA2CD6B","bin":"543603","card_type":"CREDIT","card_category":"CONSUMER","issuer":"SBM BANK (MAURITIUS) LTD","issuer_country":"MU","product_id":"MCC","product_type":"MasterCard® Credit Card (mixed BIN)","avs_check":"S","cvv_check":"Y","payment_account_reference":""},"expires_on":"2023-05-08T11:29:31.1598108Z","amount":10483,"currency":"INR","payment_type":"Regular","reference":"CART_78","description":"Prestashop Order","status":"Captured","approved":true,"3ds":{"downgraded":false,"enrolled":"Y","authentication_response":"Y","cryptogram":"AAABAVIREQAAAAAAAAAAAAAAAAA=","xid":"02c4db88-4bd9-4ad4-8ecc-0e79a483a381","version":"2.1.0","exemption":"none","challenged":false,"exemption_applied":"none"},"balances":{"total_authorized":10483,"total_voided":0,"available_to_void":0,"total_captured":10483,"available_to_capture":0,"total_refunded":0,"available_to_refund":10483},"risk":{"flagged":false,"score":0},"customer":{"id":"cus_vtqfq3npu2dubcdyzyfl4ymyoi","email":"sumit@itensia.com","name":"Sumit Desai"},"processing":{"acquirer_transaction_id":"791869784063330760923","retrieval_reference_number":"600402336529","merchant_category_code":"8999","scheme_merchant_id":"123456","aft":false},"eci":"02","scheme_id":"380110920647616","actions":[{"id":"act_ertftds7jtoutgjhp6mf33cpga","type":"Capture","response_code":"10000","response_summary":"Approved"},{"id":"act_o6scmluankiungtdpizcgwsfje","type":"Authorization","response_code":"10000","response_summary":"Approved"}],"_links":{"self":{"href":"https://api.sandbox.checkout.com/payments/pay_25iaumyz6y4efo5yc4nvahxbja"},"actions":{"href":"https://api.sandbox.checkout.com/payments/pay_25iaumyz6y4efo5yc4nvahxbja/actions"},"refund":{"href":"https://api.sandbox.checkout.com/payments/pay_25iaumyz6y4efo5yc4nvahxbja/refunds"}}}} []
[2023-04-08 17:00:51] checkoutcom.INFO: Channel Confirmation -- Order has been placed. [] []
[2023-04-08 17:00:51] checkoutcom.INFO: Channel Confirmation -- Order payment mapped:pay_25iaumyz6y4efo5yc4nvahxbja [] []
[2023-04-08 17:00:51] checkoutcom.INFO: Channel Confirmation -- New order status : 74 [] []
[2023-04-08 17:06:51] checkoutcom.INFO: Module configurations have been updated [] []
[2023-04-14 13:30:01] checkoutcom.INFO: Module configurations have been updated [] []
[2023-04-14 13:30:31] checkoutcom.INFO: Channel Placeorder -- source type : google [] []
[2023-04-14 13:30:31] checkoutcom.INFO: Channel Payment Handler -- Execute Payment [] []
[2023-04-14 13:34:43] checkoutcom.INFO: Channel Placeorder -- source type : google [] []
[2023-04-14 13:34:43] checkoutcom.INFO: Channel Payment Handler -- Execute Payment [] []
[2023-04-14 13:35:12] checkoutcom.INFO: Channel Placeorder -- source type : google [] []
[2023-04-14 13:35:12] checkoutcom.INFO: Channel Payment Handler -- Execute Payment [] []
[2023-04-14 13:35:36] checkoutcom.INFO: Channel Placeorder -- source type : google [] []
[2023-04-14 13:35:36] checkoutcom.INFO: Channel Payment Handler -- Execute Payment [] []
[2023-04-14 14:37:09] checkoutcom.INFO: Channel Placeorder -- source type : google [] []
[2023-04-14 14:37:09] checkoutcom.INFO: Channel Payment Handler -- Execute Payment [] []
[2023-04-14 14:38:11] checkoutcom.INFO: Channel Placeorder -- source type : google [] []
[2023-04-14 14:38:11] checkoutcom.INFO: Channel Payment Handler -- Execute Payment [] []
[2023-04-14 14:44:54] checkoutcom.INFO: Channel Placeorder -- source type : google [] []
[2023-04-14 14:44:54] checkoutcom.INFO: Channel Payment Handler -- Execute Payment [] []
[2023-04-14 14:47:06] checkoutcom.INFO: Channel Placeorder -- source type : google [] []
[2023-04-14 14:47:06] checkoutcom.INFO: Channel Payment Handler -- Execute Payment [] []
[2023-04-14 14:47:19] checkoutcom.INFO: Channel Placeorder -- source type : google [] []
[2023-04-14 14:47:19] checkoutcom.INFO: Channel Payment Handler -- Execute Payment [] []
[2023-04-14 14:48:30] checkoutcom.INFO: Channel Placeorder -- source type : google [] []
[2023-04-14 14:48:30] checkoutcom.INFO: Channel Payment Handler -- Execute Payment [] []
[2023-04-14 14:49:46] checkoutcom.INFO: Channel Placeorder -- source type : google [] []
[2023-04-14 14:49:46] checkoutcom.INFO: Channel Payment Handler -- Execute Payment [] []
[2023-04-14 14:51:22] checkoutcom.INFO: Channel Placeorder -- source type : google [] []
[2023-04-14 14:51:22] checkoutcom.INFO: Channel Payment Handler -- Execute Payment [] []
[2023-04-14 14:53:06] checkoutcom.INFO: Channel Placeorder -- source type : google [] []
[2023-04-14 14:53:06] checkoutcom.INFO: Channel Payment Handler -- Execute Payment [] []
[2023-04-14 14:53:08] checkoutcom.INFO: Channel Method -- make Payment for source :card {"obj":"[object] (stdClass: {\"type\":\"token\",\"token\":\"tok_twwpqwctyl6ubmkavdkjmlonam\"})"} []
[2023-04-14 14:53:10] checkoutcom.INFO: Channel Method -- Request Payment : {"obj":{"http_metadata":"[object] (Checkout\\HttpMetadata: {})","id":"pay_7lypaao54ogurhuo4efddxluze","status":"Pending","reference":"CART_97","customer":{"id":"cus_vtqfq3npu2dubcdyzyfl4ymyoi","email":"sumit@itensia.com","name":"Sumit Desai"},"3ds":{"downgraded":false,"enrolled":"Y"},"_links":{"self":{"href":"https://api.sandbox.checkout.com/payments/pay_7lypaao54ogurhuo4efddxluze"},"actions":{"href":"https://api.sandbox.checkout.com/payments/pay_7lypaao54ogurhuo4efddxluze/actions"},"redirect":{"href":"https://api.sandbox.checkout.com/sessions-interceptor/sid_73jh4uh3oe3etbugsqjio6egky"}}}} []
[2023-04-14 14:53:10] checkoutcom.INFO: Channel Method -- Response Payment : {"obj":{"http_metadata":"[object] (Checkout\\HttpMetadata: {})","id":"pay_7lypaao54ogurhuo4efddxluze","status":"Pending","reference":"CART_97","customer":{"id":"cus_vtqfq3npu2dubcdyzyfl4ymyoi","email":"sumit@itensia.com","name":"Sumit Desai"},"3ds":{"downgraded":false,"enrolled":"Y"},"_links":{"self":{"href":"https://api.sandbox.checkout.com/payments/pay_7lypaao54ogurhuo4efddxluze"},"actions":{"href":"https://api.sandbox.checkout.com/payments/pay_7lypaao54ogurhuo4efddxluze/actions"},"redirect":{"href":"https://api.sandbox.checkout.com/sessions-interceptor/sid_73jh4uh3oe3etbugsqjio6egky"}}}} []
[2023-04-14 14:53:10] checkoutcom.INFO: Channel Placeorder -- payment process : response isSuccessful [] []
[2023-04-14 14:53:10] checkoutcom.INFO: Channel Placeorder -- Response : {"obj":{"http_metadata":"[object] (Checkout\\HttpMetadata: {})","id":"pay_7lypaao54ogurhuo4efddxluze","status":"Pending","reference":"CART_97","customer":{"id":"cus_vtqfq3npu2dubcdyzyfl4ymyoi","email":"sumit@itensia.com","name":"Sumit Desai"},"3ds":{"downgraded":false,"enrolled":"Y"},"_links":{"self":{"href":"https://api.sandbox.checkout.com/payments/pay_7lypaao54ogurhuo4efddxluze"},"actions":{"href":"https://api.sandbox.checkout.com/payments/pay_7lypaao54ogurhuo4efddxluze/actions"},"redirect":{"href":"https://api.sandbox.checkout.com/sessions-interceptor/sid_73jh4uh3oe3etbugsqjio6egky"}}}} []
[2023-04-14 14:53:10] checkoutcom.INFO: Channel Placeorder -- Redirection to : https://api.sandbox.checkout.com/sessions-interceptor/sid_73jh4uh3oe3etbugsqjio6egky [] []
[2023-04-14 14:53:26] checkoutcom.INFO: Channel Confirmation -- Response : {"obj":{"http_metadata":"[object] (Checkout\\HttpMetadata: {})","id":"pay_7lypaao54ogurhuo4efddxluze","requested_on":"2023-04-14T09:23:09.8010049Z","source":{"id":"src_b7t657zqhz7ufpkzgxhynetfzy","type":"card","expiry_month":12,"expiry_year":2025,"scheme":"Visa","last4":"1111","fingerprint":"759AD8BFBFD6E12CDD2B8F658DDCDC4AB7357F626049D012B87B11A3AA844749","bin":"411111","card_type":"CREDIT","issuer":"JPMORGAN CHASE BANK, N.A.","issuer_country":"US","avs_check":"G","payment_account_reference":"V001865063036341157"},"expires_on":"2023-05-14T09:23:24.6022454Z","amount":8476,"currency":"INR","payment_type":"Regular","reference":"CART_97","description":"Prestashop Order","status":"Captured","approved":true,"3ds":{"downgraded":false,"enrolled":"Y","authentication_response":"Y","cryptogram":"AAABAVIREQAAAAAAAAAAAAAAAAA=","xid":"507ed2fe-71fb-4936-8686-941287788656","version":"2.2.0","exemption":"none","challenged":true,"exemption_applied":"none"},"balances":{"total_authorized":8476,"total_voided":0,"available_to_void":0,"total_captured":8476,"available_to_capture":0,"total_refunded":0,"available_to_refund":8476},"risk":{"flagged":false,"score":0},"customer":{"id":"cus_vtqfq3npu2dubcdyzyfl4ymyoi","email":"sumit@itensia.com","name":"Sumit Desai"},"processing":{"acquirer_transaction_id":"059156999390482843530","retrieval_reference_number":"790634643632","merchant_category_code":"8999","scheme_merchant_id":"1060177","aft":false},"eci":"05","scheme_id":"421033755241179","actions":[{"id":"act_vlw5lh7gmxkezbokkhkanji4yq","type":"Capture","response_code":"10000","response_summary":"Approved"},{"id":"act_nfxtnqnhajceroruag2owtfbr4","type":"Authorization","response_code":"10000","response_summary":"Approved"}],"_links":{"self":{"href":"https://api.sandbox.checkout.com/payments/pay_7lypaao54ogurhuo4efddxluze"},"actions":{"href":"https://api.sandbox.checkout.com/payments/pay_7lypaao54ogurhuo4efddxluze/actions"},"refund":{"href":"https://api.sandbox.checkout.com/payments/pay_7lypaao54ogurhuo4efddxluze/refunds"}}}} []
[2023-04-14 14:53:42] checkoutcom.INFO: Channel Confirmation -- Order has been placed. [] []
[2023-04-14 14:53:42] checkoutcom.INFO: Channel Confirmation -- Order payment mapped:pay_7lypaao54ogurhuo4efddxluze [] []
[2023-04-14 14:53:42] checkoutcom.INFO: Channel Confirmation -- New order status : 75 [] []
[2023-04-17 13:13:42] checkoutcom.INFO: Module configurations have been updated [] []
[2023-04-17 15:48:01] checkoutcom.INFO: Module configurations have been updated [] []
