*DEBUG* 	v1.7.3.1	2018/05/02 - 14:46:50: stdClass Object
(
    [eventType] => charge.failed
    [message] => stdClass Object
        (
            [email] => integration@checkout.com
            [transactionIndicator] => 1
            [customerIp] => 167.98.29.52
            [authCode] => 000000
            [isCascaded] => 
            [autoCapture] => Y
            [autoCapTime] => 0
            [card] => stdClass Object
                (
                    [customerId] => cust_ED8397DD-FB40-49E8-8138-731733C73993
                    [expiryMonth] => 06
                    [expiryYear] => 2018
                    [billingDetails] => stdClass Object
                        (
                            [addressLine1] => 90 Tottenham Court Rd
                            [addressLine2] => 
                            [postcode] => 12345
                            [country] => US
                            [city] => London
                            [phone] => stdClass Object
                                (
                                    [number] => 7561371320
                                )

                        )

                    [id] => card_63A5C17F-8FC8-46D1-A0EE-4686B61A1FD7
                    [last4] => 4242
                    [bin] => 424242
                    [paymentMethod] => VISA
                    [fingerprint] => f639cab2745bee4140bf86df6b6d6e255c5945aac3788d923fa047ea4c208622
                    [name] => Santiago del Puerto
                    [cvvCheck] => Y
                    [avsCheck] => S
                )

            [riskCheck] => 1
            [shippingDetails] => stdClass Object
                (
                    [addressLine1] => 90 Tottenham Court Rd
                    [addressLine2] => 
                    [postcode] => 12345
                    [country] => US
                    [city] => London
                    [phone] => stdClass Object
                        (
                            [number] => 7561371320
                        )

                )

            [id] => charge_test_8E6E19AC244M739439C0
            [liveMode] => 
            [chargeMode] => 2
            [responseCode] => 20012
            [created] => 2018-05-02T14:46:30Z
            [value] => 2612
            [currency] => USD
            [trackId] => 8
            [description] => Cart Id::8
            [responseMessage] => Invalid Transaction
            [responseAdvancedInfo] => The transaction being attempted is invalid-- for example you are trying to issue a credit against a credit transaction (refunding a refund) or posting a refund more than terminal limit
            [status] => Declined
            [metadata] => stdClass Object
                (
                    [server] => http://52.56.201.64/prestashop17/
                    [order_id] => 8
                    [ps_version] => 1.7.3.1
                    [plugin_version] => 2.2.4
                    [lib_version] => v1.2.5
                    [integration_type] => JS
                    [time] => 2018-05-02 14:46:47
                )

            [products] => Array
                (
                    [0] => stdClass Object
                        (
                            [name] => Hummingbird printed t-shirt
                            [sku] => demo_1
                            [price] => 19.12
                            [quantity] => 1
                            [shippingCost] => 0
                        )

                )

        )

)

*DEBUG* 	v1.7.3.1	2018/05/02 - 14:52:48: stdClass Object
(
    [eventType] => charge.failed
    [message] => stdClass Object
        (
            [email] => integration@checkout.com
            [transactionIndicator] => 1
            [customerIp] => 167.98.29.52
            [authCode] => 000000
            [isCascaded] => 
            [autoCapture] => Y
            [autoCapTime] => 0
            [card] => stdClass Object
                (
                    [customerId] => cust_ED8397DD-FB40-49E8-8138-731733C73993
                    [expiryMonth] => 06
                    [expiryYear] => 2018
                    [billingDetails] => stdClass Object
                        (
                            [addressLine1] => 90 Tottenham Court Rd
                            [addressLine2] => 
                            [postcode] => 12345
                            [country] => US
                            [city] => London
                            [phone] => stdClass Object
                                (
                                    [number] => 7561371320
                                )

                        )

                    [id] => card_63A5C17F-8FC8-46D1-A0EE-4686B61A1FD7
                    [last4] => 4242
                    [bin] => 424242
                    [paymentMethod] => VISA
                    [fingerprint] => f639cab2745bee4140bf86df6b6d6e255c5945aac3788d923fa047ea4c208622
                    [name] => Santiago del Puerto
                    [cvvCheck] => Y
                    [avsCheck] => S
                )

            [riskCheck] => 1
            [shippingDetails] => stdClass Object
                (
                    [addressLine1] => 90 Tottenham Court Rd
                    [addressLine2] => 
                    [postcode] => 12345
                    [country] => US
                    [city] => London
                    [phone] => stdClass Object
                        (
                            [number] => 7561371320
                        )

                )

            [id] => charge_test_8E6E19AC244M739439C0
            [liveMode] => 
            [chargeMode] => 2
            [responseCode] => 20012
            [created] => 2018-05-02T14:46:30Z
            [value] => 2612
            [currency] => USD
            [trackId] => 8
            [description] => Cart Id::8
            [responseMessage] => Invalid Transaction
            [responseAdvancedInfo] => The transaction being attempted is invalid-- for example you are trying to issue a credit against a credit transaction (refunding a refund) or posting a refund more than terminal limit
            [status] => Declined
            [metadata] => stdClass Object
                (
                    [server] => http://52.56.201.64/prestashop17/
                    [order_id] => 8
                    [ps_version] => 1.7.3.1
                    [plugin_version] => 2.2.4
                    [lib_version] => v1.2.5
                    [integration_type] => JS
                    [time] => 2018-05-02 14:46:47
                )

            [products] => Array
                (
                    [0] => stdClass Object
                        (
                            [name] => Hummingbird printed t-shirt
                            [sku] => demo_1
                            [price] => 19.12
                            [quantity] => 1
                            [shippingCost] => 0
                        )

                )

        )

)

*DEBUG* 	v1.7.3.1	2018/05/02 - 15:02:48: stdClass Object
(
    [eventType] => charge.failed
    [message] => stdClass Object
        (
            [email] => integration@checkout.com
            [transactionIndicator] => 1
            [customerIp] => 167.98.29.52
            [authCode] => 000000
            [isCascaded] => 
            [autoCapture] => Y
            [autoCapTime] => 0
            [card] => stdClass Object
                (
                    [customerId] => cust_ED8397DD-FB40-49E8-8138-731733C73993
                    [expiryMonth] => 06
                    [expiryYear] => 2018
                    [billingDetails] => stdClass Object
                        (
                            [addressLine1] => 90 Tottenham Court Rd
                            [addressLine2] => 
                            [postcode] => 12345
                            [country] => US
                            [city] => London
                            [phone] => stdClass Object
                                (
                                    [number] => 7561371320
                                )

                        )

                    [id] => card_63A5C17F-8FC8-46D1-A0EE-4686B61A1FD7
                    [last4] => 4242
                    [bin] => 424242
                    [paymentMethod] => VISA
                    [fingerprint] => f639cab2745bee4140bf86df6b6d6e255c5945aac3788d923fa047ea4c208622
                    [name] => Santiago del Puerto
                    [cvvCheck] => Y
                    [avsCheck] => S
                )

            [riskCheck] => 1
            [shippingDetails] => stdClass Object
                (
                    [addressLine1] => 90 Tottenham Court Rd
                    [addressLine2] => 
                    [postcode] => 12345
                    [country] => US
                    [city] => London
                    [phone] => stdClass Object
                        (
                            [number] => 7561371320
                        )

                )

            [id] => charge_test_8E6E19AC244M739439C0
            [liveMode] => 
            [chargeMode] => 2
            [responseCode] => 20012
            [created] => 2018-05-02T14:46:30Z
            [value] => 2612
            [currency] => USD
            [trackId] => 8
            [description] => Cart Id::8
            [responseMessage] => Invalid Transaction
            [responseAdvancedInfo] => The transaction being attempted is invalid-- for example you are trying to issue a credit against a credit transaction (refunding a refund) or posting a refund more than terminal limit
            [status] => Declined
            [metadata] => stdClass Object
                (
                    [server] => http://52.56.201.64/prestashop17/
                    [order_id] => 8
                    [ps_version] => 1.7.3.1
                    [plugin_version] => 2.2.4
                    [lib_version] => v1.2.5
                    [integration_type] => JS
                    [time] => 2018-05-02 14:46:47
                )

            [products] => Array
                (
                    [0] => stdClass Object
                        (
                            [name] => Hummingbird printed t-shirt
                            [sku] => demo_1
                            [price] => 19.12
                            [quantity] => 1
                            [shippingCost] => 0
                        )

                )

        )

)

*DEBUG* 	v1.7.3.1	2018/05/02 - 15:17:48: stdClass Object
(
    [eventType] => charge.failed
    [message] => stdClass Object
        (
            [email] => integration@checkout.com
            [transactionIndicator] => 1
            [customerIp] => 167.98.29.52
            [authCode] => 000000
            [isCascaded] => 
            [autoCapture] => Y
            [autoCapTime] => 0
            [card] => stdClass Object
                (
                    [customerId] => cust_ED8397DD-FB40-49E8-8138-731733C73993
                    [expiryMonth] => 06
                    [expiryYear] => 2018
                    [billingDetails] => stdClass Object
                        (
                            [addressLine1] => 90 Tottenham Court Rd
                            [addressLine2] => 
                            [postcode] => 12345
                            [country] => US
                            [city] => London
                            [phone] => stdClass Object
                                (
                                    [number] => 7561371320
                                )

                        )

                    [id] => card_63A5C17F-8FC8-46D1-A0EE-4686B61A1FD7
                    [last4] => 4242
                    [bin] => 424242
                    [paymentMethod] => VISA
                    [fingerprint] => f639cab2745bee4140bf86df6b6d6e255c5945aac3788d923fa047ea4c208622
                    [name] => Santiago del Puerto
                    [cvvCheck] => Y
                    [avsCheck] => S
                )

            [riskCheck] => 1
            [shippingDetails] => stdClass Object
                (
                    [addressLine1] => 90 Tottenham Court Rd
                    [addressLine2] => 
                    [postcode] => 12345
                    [country] => US
                    [city] => London
                    [phone] => stdClass Object
                        (
                            [number] => 7561371320
                        )

                )

            [id] => charge_test_8E6E19AC244M739439C0
            [liveMode] => 
            [chargeMode] => 2
            [responseCode] => 20012
            [created] => 2018-05-02T14:46:30Z
            [value] => 2612
            [currency] => USD
            [trackId] => 8
            [description] => Cart Id::8
            [responseMessage] => Invalid Transaction
            [responseAdvancedInfo] => The transaction being attempted is invalid-- for example you are trying to issue a credit against a credit transaction (refunding a refund) or posting a refund more than terminal limit
            [status] => Declined
            [metadata] => stdClass Object
                (
                    [server] => http://52.56.201.64/prestashop17/
                    [order_id] => 8
                    [ps_version] => 1.7.3.1
                    [plugin_version] => 2.2.4
                    [lib_version] => v1.2.5
                    [integration_type] => JS
                    [time] => 2018-05-02 14:46:47
                )

            [products] => Array
                (
                    [0] => stdClass Object
                        (
                            [name] => Hummingbird printed t-shirt
                            [sku] => demo_1
                            [price] => 19.12
                            [quantity] => 1
                            [shippingCost] => 0
                        )

                )

        )

)

*DEBUG* 	v1.7.3.1	2018/05/02 - 15:47:49: stdClass Object
(
    [eventType] => charge.failed
    [message] => stdClass Object
        (
            [email] => integration@checkout.com
            [transactionIndicator] => 1
            [customerIp] => 167.98.29.52
            [authCode] => 000000
            [isCascaded] => 
            [autoCapture] => Y
            [autoCapTime] => 0
            [card] => stdClass Object
                (
                    [customerId] => cust_ED8397DD-FB40-49E8-8138-731733C73993
                    [expiryMonth] => 06
                    [expiryYear] => 2018
                    [billingDetails] => stdClass Object
                        (
                            [addressLine1] => 90 Tottenham Court Rd
                            [addressLine2] => 
                            [postcode] => 12345
                            [country] => US
                            [city] => London
                            [phone] => stdClass Object
                                (
                                    [number] => 7561371320
                                )

                        )

                    [id] => card_63A5C17F-8FC8-46D1-A0EE-4686B61A1FD7
                    [last4] => 4242
                    [bin] => 424242
                    [paymentMethod] => VISA
                    [fingerprint] => f639cab2745bee4140bf86df6b6d6e255c5945aac3788d923fa047ea4c208622
                    [name] => Santiago del Puerto
                    [cvvCheck] => Y
                    [avsCheck] => S
                )

            [riskCheck] => 1
            [shippingDetails] => stdClass Object
                (
                    [addressLine1] => 90 Tottenham Court Rd
                    [addressLine2] => 
                    [postcode] => 12345
                    [country] => US
                    [city] => London
                    [phone] => stdClass Object
                        (
                            [number] => 7561371320
                        )

                )

            [id] => charge_test_8E6E19AC244M739439C0
            [liveMode] => 
            [chargeMode] => 2
            [responseCode] => 20012
            [created] => 2018-05-02T14:46:30Z
            [value] => 2612
            [currency] => USD
            [trackId] => 8
            [description] => Cart Id::8
            [responseMessage] => Invalid Transaction
            [responseAdvancedInfo] => The transaction being attempted is invalid-- for example you are trying to issue a credit against a credit transaction (refunding a refund) or posting a refund more than terminal limit
            [status] => Declined
            [metadata] => stdClass Object
                (
                    [server] => http://52.56.201.64/prestashop17/
                    [order_id] => 8
                    [ps_version] => 1.7.3.1
                    [plugin_version] => 2.2.4
                    [lib_version] => v1.2.5
                    [integration_type] => JS
                    [time] => 2018-05-02 14:46:47
                )

            [products] => Array
                (
                    [0] => stdClass Object
                        (
                            [name] => Hummingbird printed t-shirt
                            [sku] => demo_1
                            [price] => 19.12
                            [quantity] => 1
                            [shippingCost] => 0
                        )

                )

        )

)

*DEBUG* 	v1.7.3.1	2018/05/02 - 16:47:48: stdClass Object
(
    [eventType] => charge.failed
    [message] => stdClass Object
        (
            [email] => integration@checkout.com
            [transactionIndicator] => 1
            [customerIp] => 167.98.29.52
            [authCode] => 000000
            [isCascaded] => 
            [autoCapture] => Y
            [autoCapTime] => 0
            [card] => stdClass Object
                (
                    [customerId] => cust_ED8397DD-FB40-49E8-8138-731733C73993
                    [expiryMonth] => 06
                    [expiryYear] => 2018
                    [billingDetails] => stdClass Object
                        (
                            [addressLine1] => 90 Tottenham Court Rd
                            [addressLine2] => 
                            [postcode] => 12345
                            [country] => US
                            [city] => London
                            [phone] => stdClass Object
                                (
                                    [number] => 7561371320
                                )

                        )

                    [id] => card_63A5C17F-8FC8-46D1-A0EE-4686B61A1FD7
                    [last4] => 4242
                    [bin] => 424242
                    [paymentMethod] => VISA
                    [fingerprint] => f639cab2745bee4140bf86df6b6d6e255c5945aac3788d923fa047ea4c208622
                    [name] => Santiago del Puerto
                    [cvvCheck] => Y
                    [avsCheck] => S
                )

            [riskCheck] => 1
            [shippingDetails] => stdClass Object
                (
                    [addressLine1] => 90 Tottenham Court Rd
                    [addressLine2] => 
                    [postcode] => 12345
                    [country] => US
                    [city] => London
                    [phone] => stdClass Object
                        (
                            [number] => 7561371320
                        )

                )

            [id] => charge_test_8E6E19AC244M739439C0
            [liveMode] => 
            [chargeMode] => 2
            [responseCode] => 20012
            [created] => 2018-05-02T14:46:30Z
            [value] => 2612
            [currency] => USD
            [trackId] => 8
            [description] => Cart Id::8
            [responseMessage] => Invalid Transaction
            [responseAdvancedInfo] => The transaction being attempted is invalid-- for example you are trying to issue a credit against a credit transaction (refunding a refund) or posting a refund more than terminal limit
            [status] => Declined
            [metadata] => stdClass Object
                (
                    [server] => http://52.56.201.64/prestashop17/
                    [order_id] => 8
                    [ps_version] => 1.7.3.1
                    [plugin_version] => 2.2.4
                    [lib_version] => v1.2.5
                    [integration_type] => JS
                    [time] => 2018-05-02 14:46:47
                )

            [products] => Array
                (
                    [0] => stdClass Object
                        (
                            [name] => Hummingbird printed t-shirt
                            [sku] => demo_1
                            [price] => 19.12
                            [quantity] => 1
                            [shippingCost] => 0
                        )

                )

        )

)

*DEBUG* 	v1.7.3.1	2018/05/02 - 20:47:48: stdClass Object
(
    [eventType] => charge.failed
    [message] => stdClass Object
        (
            [email] => integration@checkout.com
            [transactionIndicator] => 1
            [customerIp] => 167.98.29.52
            [authCode] => 000000
            [isCascaded] => 
            [autoCapture] => Y
            [autoCapTime] => 0
            [card] => stdClass Object
                (
                    [customerId] => cust_ED8397DD-FB40-49E8-8138-731733C73993
                    [expiryMonth] => 06
                    [expiryYear] => 2018
                    [billingDetails] => stdClass Object
                        (
                            [addressLine1] => 90 Tottenham Court Rd
                            [addressLine2] => 
                            [postcode] => 12345
                            [country] => US
                            [city] => London
                            [phone] => stdClass Object
                                (
                                    [number] => 7561371320
                                )

                        )

                    [id] => card_63A5C17F-8FC8-46D1-A0EE-4686B61A1FD7
                    [last4] => 4242
                    [bin] => 424242
                    [paymentMethod] => VISA
                    [fingerprint] => f639cab2745bee4140bf86df6b6d6e255c5945aac3788d923fa047ea4c208622
                    [name] => Santiago del Puerto
                    [cvvCheck] => Y
                    [avsCheck] => S
                )

            [riskCheck] => 1
            [shippingDetails] => stdClass Object
                (
                    [addressLine1] => 90 Tottenham Court Rd
                    [addressLine2] => 
                    [postcode] => 12345
                    [country] => US
                    [city] => London
                    [phone] => stdClass Object
                        (
                            [number] => 7561371320
                        )

                )

            [id] => charge_test_8E6E19AC244M739439C0
            [liveMode] => 
            [chargeMode] => 2
            [responseCode] => 20012
            [created] => 2018-05-02T14:46:30Z
            [value] => 2612
            [currency] => USD
            [trackId] => 8
            [description] => Cart Id::8
            [responseMessage] => Invalid Transaction
            [responseAdvancedInfo] => The transaction being attempted is invalid-- for example you are trying to issue a credit against a credit transaction (refunding a refund) or posting a refund more than terminal limit
            [status] => Declined
            [metadata] => stdClass Object
                (
                    [server] => http://52.56.201.64/prestashop17/
                    [order_id] => 8
                    [ps_version] => 1.7.3.1
                    [plugin_version] => 2.2.4
                    [lib_version] => v1.2.5
                    [integration_type] => JS
                    [time] => 2018-05-02 14:46:47
                )

            [products] => Array
                (
                    [0] => stdClass Object
                        (
                            [name] => Hummingbird printed t-shirt
                            [sku] => demo_1
                            [price] => 19.12
                            [quantity] => 1
                            [shippingCost] => 0
                        )

                )

        )

)

*DEBUG* 	v1.7.3.1	2018/05/03 - 05:53:19: stdClass Object
(
    [eventType] => charge.failed
    [message] => stdClass Object
        (
            [email] => avish.bisbeehurry@checkout.com
            [transactionIndicator] => 1
            [customerIp] => 105.235.150.221
            [authCode] => 000000
            [isCascaded] => 
            [autoCapture] => N
            [autoCapTime] => 0
            [card] => stdClass Object
                (
                    [customerId] => cust_D9FEB089-CE1E-4EFD-948D-4A2DBA536ADB
                    [expiryMonth] => 06
                    [expiryYear] => 2025
                    [billingDetails] => stdClass Object
                        (
                            [addressLine1] => test
                            [addressLine2] => test
                            [postcode] => 11111
                            [country] => US
                            [city] => test
                            [phone] => stdClass Object
                                (
                                    [number] => 2131313213
                                )

                        )

                    [id] => card_BB61C04E-5AF8-49A1-8E6A-A8EDBE77C904
                    [last4] => 9996
                    [bin] => 454347
                    [paymentMethod] => VISA
                    [fingerprint] => 31cfd9c909a2a99eb03e50675a60e67e7f5633b4a277c2d63b4bcf1302a2d934
                    [name] => Avish Bisbeehurry
                    [cvvCheck] => Y
                    [avsCheck] => S
                )

            [riskCheck] => 1
            [shippingDetails] => stdClass Object
                (
                    [addressLine1] => test
                    [addressLine2] => test
                    [postcode] => 11111
                    [country] => US
                    [city] => test
                    [phone] => stdClass Object
                        (
                            [number] => 2131313213
                        )

                )

            [id] => charge_test_8D6F48BC344J739407C0
            [liveMode] => 
            [chargeMode] => 1
            [responseCode] => 20012
            [created] => 2018-05-03T05:53:00Z
            [value] => 2612
            [currency] => USD
            [trackId] => 14
            [description] => Cart Id::14
            [responseMessage] => Invalid Transaction
            [responseAdvancedInfo] => The transaction being attempted is invalid-- for example you are trying to issue a credit against a credit transaction (refunding a refund) or posting a refund more than terminal limit
            [status] => Declined
            [metadata] => stdClass Object
                (
                    [server] => http://52.56.201.64/prestashop17/
                    [order_id] => 14
                    [ps_version] => 1.7.3.1
                    [plugin_version] => 2.2.4
                    [lib_version] => v1.2.5
                    [integration_type] => JS
                    [time] => 2018-05-03 05:53:18
                )

            [products] => Array
                (
                    [0] => stdClass Object
                        (
                            [name] => Hummingbird printed t-shirt
                            [sku] => demo_1
                            [price] => 19.12
                            [quantity] => 1
                            [shippingCost] => 0
                        )

                )

        )

)

*DEBUG* 	v1.7.3.1	2018/05/03 - 05:59:17: stdClass Object
(
    [eventType] => charge.failed
    [message] => stdClass Object
        (
            [email] => avish.bisbeehurry@checkout.com
            [transactionIndicator] => 1
            [customerIp] => 105.235.150.221
            [authCode] => 000000
            [isCascaded] => 
            [autoCapture] => N
            [autoCapTime] => 0
            [card] => stdClass Object
                (
                    [customerId] => cust_D9FEB089-CE1E-4EFD-948D-4A2DBA536ADB
                    [expiryMonth] => 06
                    [expiryYear] => 2025
                    [billingDetails] => stdClass Object
                        (
                            [addressLine1] => test
                            [addressLine2] => test
                            [postcode] => 11111
                            [country] => US
                            [city] => test
                            [phone] => stdClass Object
                                (
                                    [number] => 2131313213
                                )

                        )

                    [id] => card_BB61C04E-5AF8-49A1-8E6A-A8EDBE77C904
                    [last4] => 9996
                    [bin] => 454347
                    [paymentMethod] => VISA
                    [fingerprint] => 31cfd9c909a2a99eb03e50675a60e67e7f5633b4a277c2d63b4bcf1302a2d934
                    [name] => Avish Bisbeehurry
                    [cvvCheck] => Y
                    [avsCheck] => S
                )

            [riskCheck] => 1
            [shippingDetails] => stdClass Object
                (
                    [addressLine1] => test
                    [addressLine2] => test
                    [postcode] => 11111
                    [country] => US
                    [city] => test
                    [phone] => stdClass Object
                        (
                            [number] => 2131313213
                        )

                )

            [id] => charge_test_8D6F48BC344J739407C0
            [liveMode] => 
            [chargeMode] => 1
            [responseCode] => 20012
            [created] => 2018-05-03T05:53:00Z
            [value] => 2612
            [currency] => USD
            [trackId] => 14
            [description] => Cart Id::14
            [responseMessage] => Invalid Transaction
            [responseAdvancedInfo] => The transaction being attempted is invalid-- for example you are trying to issue a credit against a credit transaction (refunding a refund) or posting a refund more than terminal limit
            [status] => Declined
            [metadata] => stdClass Object
                (
                    [server] => http://52.56.201.64/prestashop17/
                    [order_id] => 14
                    [ps_version] => 1.7.3.1
                    [plugin_version] => 2.2.4
                    [lib_version] => v1.2.5
                    [integration_type] => JS
                    [time] => 2018-05-03 05:53:18
                )

            [products] => Array
                (
                    [0] => stdClass Object
                        (
                            [name] => Hummingbird printed t-shirt
                            [sku] => demo_1
                            [price] => 19.12
                            [quantity] => 1
                            [shippingCost] => 0
                        )

                )

        )

)

*DEBUG* 	v1.7.3.1	2018/05/03 - 06:09:18: stdClass Object
(
    [eventType] => charge.failed
    [message] => stdClass Object
        (
            [email] => avish.bisbeehurry@checkout.com
            [transactionIndicator] => 1
            [customerIp] => 105.235.150.221
            [authCode] => 000000
            [isCascaded] => 
            [autoCapture] => N
            [autoCapTime] => 0
            [card] => stdClass Object
                (
                    [customerId] => cust_D9FEB089-CE1E-4EFD-948D-4A2DBA536ADB
                    [expiryMonth] => 06
                    [expiryYear] => 2025
                    [billingDetails] => stdClass Object
                        (
                            [addressLine1] => test
                            [addressLine2] => test
                            [postcode] => 11111
                            [country] => US
                            [city] => test
                            [phone] => stdClass Object
                                (
                                    [number] => 2131313213
                                )

                        )

                    [id] => card_BB61C04E-5AF8-49A1-8E6A-A8EDBE77C904
                    [last4] => 9996
                    [bin] => 454347
                    [paymentMethod] => VISA
                    [fingerprint] => 31cfd9c909a2a99eb03e50675a60e67e7f5633b4a277c2d63b4bcf1302a2d934
                    [name] => Avish Bisbeehurry
                    [cvvCheck] => Y
                    [avsCheck] => S
                )

            [riskCheck] => 1
            [shippingDetails] => stdClass Object
                (
                    [addressLine1] => test
                    [addressLine2] => test
                    [postcode] => 11111
                    [country] => US
                    [city] => test
                    [phone] => stdClass Object
                        (
                            [number] => 2131313213
                        )

                )

            [id] => charge_test_8D6F48BC344J739407C0
            [liveMode] => 
            [chargeMode] => 1
            [responseCode] => 20012
            [created] => 2018-05-03T05:53:00Z
            [value] => 2612
            [currency] => USD
            [trackId] => 14
            [description] => Cart Id::14
            [responseMessage] => Invalid Transaction
            [responseAdvancedInfo] => The transaction being attempted is invalid-- for example you are trying to issue a credit against a credit transaction (refunding a refund) or posting a refund more than terminal limit
            [status] => Declined
            [metadata] => stdClass Object
                (
                    [server] => http://52.56.201.64/prestashop17/
                    [order_id] => 14
                    [ps_version] => 1.7.3.1
                    [plugin_version] => 2.2.4
                    [lib_version] => v1.2.5
                    [integration_type] => JS
                    [time] => 2018-05-03 05:53:18
                )

            [products] => Array
                (
                    [0] => stdClass Object
                        (
                            [name] => Hummingbird printed t-shirt
                            [sku] => demo_1
                            [price] => 19.12
                            [quantity] => 1
                            [shippingCost] => 0
                        )

                )

        )

)

*DEBUG* 	v1.7.3.1	2018/05/03 - 06:24:18: stdClass Object
(
    [eventType] => charge.failed
    [message] => stdClass Object
        (
            [email] => avish.bisbeehurry@checkout.com
            [transactionIndicator] => 1
            [customerIp] => 105.235.150.221
            [authCode] => 000000
            [isCascaded] => 
            [autoCapture] => N
            [autoCapTime] => 0
            [card] => stdClass Object
                (
                    [customerId] => cust_D9FEB089-CE1E-4EFD-948D-4A2DBA536ADB
                    [expiryMonth] => 06
                    [expiryYear] => 2025
                    [billingDetails] => stdClass Object
                        (
                            [addressLine1] => test
                            [addressLine2] => test
                            [postcode] => 11111
                            [country] => US
                            [city] => test
                            [phone] => stdClass Object
                                (
                                    [number] => 2131313213
                                )

                        )

                    [id] => card_BB61C04E-5AF8-49A1-8E6A-A8EDBE77C904
                    [last4] => 9996
                    [bin] => 454347
                    [paymentMethod] => VISA
                    [fingerprint] => 31cfd9c909a2a99eb03e50675a60e67e7f5633b4a277c2d63b4bcf1302a2d934
                    [name] => Avish Bisbeehurry
                    [cvvCheck] => Y
                    [avsCheck] => S
                )

            [riskCheck] => 1
            [shippingDetails] => stdClass Object
                (
                    [addressLine1] => test
                    [addressLine2] => test
                    [postcode] => 11111
                    [country] => US
                    [city] => test
                    [phone] => stdClass Object
                        (
                            [number] => 2131313213
                        )

                )

            [id] => charge_test_8D6F48BC344J739407C0
            [liveMode] => 
            [chargeMode] => 1
            [responseCode] => 20012
            [created] => 2018-05-03T05:53:00Z
            [value] => 2612
            [currency] => USD
            [trackId] => 14
            [description] => Cart Id::14
            [responseMessage] => Invalid Transaction
            [responseAdvancedInfo] => The transaction being attempted is invalid-- for example you are trying to issue a credit against a credit transaction (refunding a refund) or posting a refund more than terminal limit
            [status] => Declined
            [metadata] => stdClass Object
                (
                    [server] => http://52.56.201.64/prestashop17/
                    [order_id] => 14
                    [ps_version] => 1.7.3.1
                    [plugin_version] => 2.2.4
                    [lib_version] => v1.2.5
                    [integration_type] => JS
                    [time] => 2018-05-03 05:53:18
                )

            [products] => Array
                (
                    [0] => stdClass Object
                        (
                            [name] => Hummingbird printed t-shirt
                            [sku] => demo_1
                            [price] => 19.12
                            [quantity] => 1
                            [shippingCost] => 0
                        )

                )

        )

)

*DEBUG* 	v1.7.3.1	2018/05/03 - 06:54:17: stdClass Object
(
    [eventType] => charge.failed
    [message] => stdClass Object
        (
            [email] => avish.bisbeehurry@checkout.com
            [transactionIndicator] => 1
            [customerIp] => 105.235.150.221
            [authCode] => 000000
            [isCascaded] => 
            [autoCapture] => N
            [autoCapTime] => 0
            [card] => stdClass Object
                (
                    [customerId] => cust_D9FEB089-CE1E-4EFD-948D-4A2DBA536ADB
                    [expiryMonth] => 06
                    [expiryYear] => 2025
                    [billingDetails] => stdClass Object
                        (
                            [addressLine1] => test
                            [addressLine2] => test
                            [postcode] => 11111
                            [country] => US
                            [city] => test
                            [phone] => stdClass Object
                                (
                                    [number] => 2131313213
                                )

                        )

                    [id] => card_BB61C04E-5AF8-49A1-8E6A-A8EDBE77C904
                    [last4] => 9996
                    [bin] => 454347
                    [paymentMethod] => VISA
                    [fingerprint] => 31cfd9c909a2a99eb03e50675a60e67e7f5633b4a277c2d63b4bcf1302a2d934
                    [name] => Avish Bisbeehurry
                    [cvvCheck] => Y
                    [avsCheck] => S
                )

            [riskCheck] => 1
            [shippingDetails] => stdClass Object
                (
                    [addressLine1] => test
                    [addressLine2] => test
                    [postcode] => 11111
                    [country] => US
                    [city] => test
                    [phone] => stdClass Object
                        (
                            [number] => 2131313213
                        )

                )

            [id] => charge_test_8D6F48BC344J739407C0
            [liveMode] => 
            [chargeMode] => 1
            [responseCode] => 20012
            [created] => 2018-05-03T05:53:00Z
            [value] => 2612
            [currency] => USD
            [trackId] => 14
            [description] => Cart Id::14
            [responseMessage] => Invalid Transaction
            [responseAdvancedInfo] => The transaction being attempted is invalid-- for example you are trying to issue a credit against a credit transaction (refunding a refund) or posting a refund more than terminal limit
            [status] => Declined
            [metadata] => stdClass Object
                (
                    [server] => http://52.56.201.64/prestashop17/
                    [order_id] => 14
                    [ps_version] => 1.7.3.1
                    [plugin_version] => 2.2.4
                    [lib_version] => v1.2.5
                    [integration_type] => JS
                    [time] => 2018-05-03 05:53:18
                )

            [products] => Array
                (
                    [0] => stdClass Object
                        (
                            [name] => Hummingbird printed t-shirt
                            [sku] => demo_1
                            [price] => 19.12
                            [quantity] => 1
                            [shippingCost] => 0
                        )

                )

        )

)

*DEBUG* 	v1.7.3.1	2018/05/03 - 07:54:17: stdClass Object
(
    [eventType] => charge.failed
    [message] => stdClass Object
        (
            [email] => avish.bisbeehurry@checkout.com
            [transactionIndicator] => 1
            [customerIp] => 105.235.150.221
            [authCode] => 000000
            [isCascaded] => 
            [autoCapture] => N
            [autoCapTime] => 0
            [card] => stdClass Object
                (
                    [customerId] => cust_D9FEB089-CE1E-4EFD-948D-4A2DBA536ADB
                    [expiryMonth] => 06
                    [expiryYear] => 2025
                    [billingDetails] => stdClass Object
                        (
                            [addressLine1] => test
                            [addressLine2] => test
                            [postcode] => 11111
                            [country] => US
                            [city] => test
                            [phone] => stdClass Object
                                (
                                    [number] => 2131313213
                                )

                        )

                    [id] => card_BB61C04E-5AF8-49A1-8E6A-A8EDBE77C904
                    [last4] => 9996
                    [bin] => 454347
                    [paymentMethod] => VISA
                    [fingerprint] => 31cfd9c909a2a99eb03e50675a60e67e7f5633b4a277c2d63b4bcf1302a2d934
                    [name] => Avish Bisbeehurry
                    [cvvCheck] => Y
                    [avsCheck] => S
                )

            [riskCheck] => 1
            [shippingDetails] => stdClass Object
                (
                    [addressLine1] => test
                    [addressLine2] => test
                    [postcode] => 11111
                    [country] => US
                    [city] => test
                    [phone] => stdClass Object
                        (
                            [number] => 2131313213
                        )

                )

            [id] => charge_test_8D6F48BC344J739407C0
            [liveMode] => 
            [chargeMode] => 1
            [responseCode] => 20012
            [created] => 2018-05-03T05:53:00Z
            [value] => 2612
            [currency] => USD
            [trackId] => 14
            [description] => Cart Id::14
            [responseMessage] => Invalid Transaction
            [responseAdvancedInfo] => The transaction being attempted is invalid-- for example you are trying to issue a credit against a credit transaction (refunding a refund) or posting a refund more than terminal limit
            [status] => Declined
            [metadata] => stdClass Object
                (
                    [server] => http://52.56.201.64/prestashop17/
                    [order_id] => 14
                    [ps_version] => 1.7.3.1
                    [plugin_version] => 2.2.4
                    [lib_version] => v1.2.5
                    [integration_type] => JS
                    [time] => 2018-05-03 05:53:18
                )

            [products] => Array
                (
                    [0] => stdClass Object
                        (
                            [name] => Hummingbird printed t-shirt
                            [sku] => demo_1
                            [price] => 19.12
                            [quantity] => 1
                            [shippingCost] => 0
                        )

                )

        )

)

*DEBUG* 	v1.7.3.1	2018/05/03 - 11:54:17: stdClass Object
(
    [eventType] => charge.failed
    [message] => stdClass Object
        (
            [email] => avish.bisbeehurry@checkout.com
            [transactionIndicator] => 1
            [customerIp] => 105.235.150.221
            [authCode] => 000000
            [isCascaded] => 
            [autoCapture] => N
            [autoCapTime] => 0
            [card] => stdClass Object
                (
                    [customerId] => cust_D9FEB089-CE1E-4EFD-948D-4A2DBA536ADB
                    [expiryMonth] => 06
                    [expiryYear] => 2025
                    [billingDetails] => stdClass Object
                        (
                            [addressLine1] => test
                            [addressLine2] => test
                            [postcode] => 11111
                            [country] => US
                            [city] => test
                            [phone] => stdClass Object
                                (
                                    [number] => 2131313213
                                )

                        )

                    [id] => card_BB61C04E-5AF8-49A1-8E6A-A8EDBE77C904
                    [last4] => 9996
                    [bin] => 454347
                    [paymentMethod] => VISA
                    [fingerprint] => 31cfd9c909a2a99eb03e50675a60e67e7f5633b4a277c2d63b4bcf1302a2d934
                    [name] => Avish Bisbeehurry
                    [cvvCheck] => Y
                    [avsCheck] => S
                )

            [riskCheck] => 1
            [shippingDetails] => stdClass Object
                (
                    [addressLine1] => test
                    [addressLine2] => test
                    [postcode] => 11111
                    [country] => US
                    [city] => test
                    [phone] => stdClass Object
                        (
                            [number] => 2131313213
                        )

                )

            [id] => charge_test_8D6F48BC344J739407C0
            [liveMode] => 
            [chargeMode] => 1
            [responseCode] => 20012
            [created] => 2018-05-03T05:53:00Z
            [value] => 2612
            [currency] => USD
            [trackId] => 14
            [description] => Cart Id::14
            [responseMessage] => Invalid Transaction
            [responseAdvancedInfo] => The transaction being attempted is invalid-- for example you are trying to issue a credit against a credit transaction (refunding a refund) or posting a refund more than terminal limit
            [status] => Declined
            [metadata] => stdClass Object
                (
                    [server] => http://52.56.201.64/prestashop17/
                    [order_id] => 14
                    [ps_version] => 1.7.3.1
                    [plugin_version] => 2.2.4
                    [lib_version] => v1.2.5
                    [integration_type] => JS
                    [time] => 2018-05-03 05:53:18
                )

            [products] => Array
                (
                    [0] => stdClass Object
                        (
                            [name] => Hummingbird printed t-shirt
                            [sku] => demo_1
                            [price] => 19.12
                            [quantity] => 1
                            [shippingCost] => 0
                        )

                )

        )

)

*DEBUG* 	v1.7.3.1	2018/05/04 - 04:53:48: stdClass Object
(
    [eventType] => charge.failed
    [message] => stdClass Object
        (
            [email] => avish.bisbeehurry@checkout.com
            [transactionIndicator] => 1
            [customerIp] => 105.235.150.221
            [authCode] => 000000
            [isCascaded] => 
            [autoCapture] => N
            [autoCapTime] => 0
            [card] => stdClass Object
                (
                    [customerId] => cust_D9FEB089-CE1E-4EFD-948D-4A2DBA536ADB
                    [expiryMonth] => 06
                    [expiryYear] => 2025
                    [billingDetails] => stdClass Object
                        (
                            [addressLine1] => test
                            [addressLine2] => test
                            [postcode] => 11111
                            [country] => US
                            [city] => test
                            [phone] => stdClass Object
                                (
                                    [number] => 2131313213
                                )

                        )

                    [id] => card_BB61C04E-5AF8-49A1-8E6A-A8EDBE77C904
                    [last4] => 9996
                    [bin] => 454347
                    [paymentMethod] => VISA
                    [fingerprint] => 31cfd9c909a2a99eb03e50675a60e67e7f5633b4a277c2d63b4bcf1302a2d934
                    [name] => Avish Bisbeehurry
                    [cvvCheck] => D
                    [avsCheck] => S
                )

            [riskCheck] => 1
            [shippingDetails] => stdClass Object
                (
                    [addressLine1] => test
                    [addressLine2] => test
                    [postcode] => 11111
                    [country] => US
                    [city] => test
                    [phone] => stdClass Object
                        (
                            [number] => 2131313213
                        )

                )

            [id] => charge_test_BF5F48AC444N738D06F6
            [liveMode] => 
            [chargeMode] => 2
            [responseCode] => 20087
            [created] => 2018-05-04T04:53:23Z
            [value] => 3600
            [currency] => USD
            [trackId] => 22
            [description] => Cart Id::22
            [responseMessage] => Bad Track Data
            [responseAdvancedInfo] => Bad Track Data
            [status] => Declined
            [metadata] => stdClass Object
                (
                    [server] => http://52.56.201.64/prestashop17/
                    [order_id] => 22
                    [ps_version] => 1.7.3.1
                    [plugin_version] => 2.2.4
                    [lib_version] => v1.2.5
                    [integration_type] => JS
                    [time] => 2018-05-04 04:53:41
                )

            [products] => Array
                (
                    [0] => stdClass Object
                        (
                            [name] => The adventure begins Framed poster
                            [sku] => demo_5
                            [price] => 29
                            [quantity] => 1
                            [shippingCost] => 0
                        )

                )

        )

)

